08/07/26 05:19:43,459 INFO  [@CacheProcessor0] [EntityIterableCache           ] [@] Caching forcibly stopped for handle 13-4-0-1-3-0-12-6-3-7-5-3-13: cache adapter is obsolete, caching time: 1 ms
 14/07/26 01:40:11,317 INFO  [@CacheProcessor0] [EntityIterableCache           ] [@] Caching forcibly stopped for handle 11-4-489-3-266-425-8-266-21-tes-299: cache adapter is obsolete, caching time: 1 ms
 14/07/26 01:42:37,005 INFO  [@CacheProcessor0] [EntityIterableCache           ] [@] Caching forcibly stopped for handle 11-4-489-7-266-425-8-266-21-tes-306: cache adapter is obsolete, caching time: 7 ms
 14/07/26 02:15:51,604 INFO  [@CacheProcessor0] [EntityIterableCache           ] [@] Caching forcibly stopped for handle 16-266-321-4-489-0-266-425-0-1: cache adapter is obsolete, caching time: 1 ms
 14/07/26 02:16:50,734 INFO  [@CacheProcessor0] [EntityIterableCache           ] [@] Caching forcibly stopped for handle 11-4-489-5-266-425-8-266-21-tes-369: cache adapter is obsolete, caching time: 4 ms
 14/07/26 02:18:17,046 INFO  [@CacheProcessor0] [EntityIterableCache           ] [@] Caching forcibly stopped for handle 16-266-321-4-489-1-266-425-0-1: cache adapter is obsolete, caching time: 0 ms
 14/07/26 02:24:45,152 INFO  [@CacheProcessor0] [EntityIterableCache           ] [@] Caching forcibly stopped for handle 16-266-321-4-489-6-266-425-0-1: cache adapter is obsolete, caching time: 0 ms
 14/07/26 02:28:30,161 INFO  [@CacheProcessor0] [EntityIterableCache           ] [@] Caching forcibly stopped for handle 11-4-489-2-266-425-8-266-21-tes-400: cache adapter is obsolete, caching time: 1 ms
 14/07/26 02:57:54,671 INFO  [@CacheProcessor0] [EntityIterableCache           ] [@] Caching forcibly stopped for handle 11-4-489-5-266-425-8-266-21-tes-410: cache adapter is obsolete, caching time: 0 ms
 14/07/26 03:18:08,738 INFO  [@CacheProcessor0] [EntityIterableCache           ] [@] Caching forcibly stopped for handle 16-266-321-4-489-3-266-425-0-1: cache adapter is obsolete, caching time: 0 ms
 14/07/26 03:32:21,584 INFO  [@CacheProcessor0] [EntityIterableCache           ] [@] Caching forcibly stopped for handle 16-266-321-4-489-4-266-425-0-1: cache adapter is obsolete, caching time: 0 ms
 14/07/26 03:33:28,479 INFO  [@CacheProcessor0] [EntityIterableCache           ] [@] Caching forcibly stopped for handle 16-266-321-4-489-3-266-425-0-1: cache adapter is obsolete, caching time: 0 ms
 14/07/26 03:34:58,995 INFO  [@CacheProcessor0] [EntityIterableCache           ] [@] Caching forcibly stopped for handle 11-4-489-9-266-425-8-266-21-tes-469: cache adapter is obsolete, caching time: 0 ms
 14/07/26 03:39:22,559 INFO  [@CacheProcessor0] [EntityIterableCache           ] [@] Caching forcibly stopped for handle 16-266-321-4-489-5-266-425-0-1: cache adapter is obsolete, caching time: 1 ms
 14/07/26 03:43:24,331 INFO  [@CacheProcessor0] [EntityIterableCache           ] [@] Caching forcibly stopped for handle 16-266-321-4-489-5-266-425-0-1: cache adapter is obsolete, caching time: 1 ms
 14/07/26 04:09:19,246 INFO  [@CacheProcessor0] [EntityIterableCache           ] [@] Caching forcibly stopped for handle iperm-3-16-3-5-13-1-3-with-link-12-6-3-7-5-3-13-1-1-0-1-readHidden-create-0-1: cache adapter is obsolete, caching time: 0 ms
 14/07/26 04:12:59,386 INFO  [@CacheProcessor0] [EntityIterableCache           ] [@] Caching forcibly stopped for handle 11-4-489-2-266-425-8-266-21-tes-509: cache adapter is obsolete, caching time: 0 ms
 14/07/26 04:14:46,873 INFO  [@CacheProcessor0] [EntityIterableCache           ] [@] Caching forcibly stopped for handle 16-266-321-4-489-8-266-425-0-1: cache adapter is obsolete, caching time: 0 ms
 14/07/26 04:24:52,519 INFO  [@CacheProcessor0] [EntityIterableCache           ] [@] Caching forcibly stopped for handle 11-4-489-1-266-425-8-266-21-tes-524: cache adapter is obsolete, caching time: 3 ms
 14/07/26 04:30:19,310 INFO  [@CacheProcessor0] [EntityIterableCache           ] [@] Caching forcibly stopped for handle iperm-3-16-3-5-13-1-3-with-link-12-6-3-7-5-3-13-1-1-0-1-readHidden-create-0-1: cache adapter is obsolete, caching time: 1 ms
 14/07/26 04:30:35,559 INFO  [@CacheProcessor0] [EntityIterableCache           ] [@] Caching forcibly stopped for handle 16-3-5-13-1-3-with-link-12-6-3-7-5-3-13-1-1: cache adapter is obsolete, caching time: 0 ms
 14/07/26 04:31:16,630 INFO  [@CacheProcessor0] [EntityIterableCache           ] [@] Caching forcibly stopped for handle 16-266-321-4-489-4-266-425-0-1: cache adapter is obsolete, caching time: 1 ms
 14/07/26 04:46:00,032 INFO  [@CacheProcessor0] [EntityIterableCache           ] [@] Caching forcibly stopped for handle 16-266-321-4-489-5-266-425-0-1: cache adapter is obsolete, caching time: 1 ms
 14/07/26 04:49:58,202 INFO  [@CacheProcessor0] [EntityIterableCache           ] [@] Caching forcibly stopped for handle 11-4-489-9-266-425-8-266-21-tes-597: cache adapter is obsolete, caching time: 0 ms
 14/07/26 05:02:32,907 INFO  [@CacheProcessor0] [EntityIterableCache           ] [@] Caching forcibly stopped for handle 16-266-321-4-489-4-266-425-0-1: cache adapter is obsolete, caching time: 1 ms
 14/07/26 05:05:34,374 INFO  [@CacheProcessor0] [EntityIterableCache           ] [@] Caching forcibly stopped for handle 16-266-321-4-489-5-266-425-0-1: cache adapter is obsolete, caching time: 0 ms
 14/07/26 05:05:46,597 INFO  [@CacheProcessor0] [EntityIterableCache           ] [@] Caching forcibly stopped for handle 16-266-321-4-489-0-266-425-0-1: cache adapter is obsolete, caching time: 1 ms
 14/07/26 05:21:08,491 INFO  [@CacheProcessor0] [EntityIterableCache           ] [@] Caching forcibly stopped for handle 11-4-489-7-266-425-8-266-21-tes-632: cache adapter is obsolete, caching time: 0 ms
 14/07/26 05:22:00,985 INFO  [@CacheProcessor0] [EntityIterableCache           ] [@] Caching forcibly stopped for handle iperm-3-16-3-5-13-1-3-with-link-12-6-3-7-5-3-13-1-1-0-1-readHidden-create-0-1: cache adapter is obsolete, caching time: 0 ms
 14/07/26 05:23:46,070 INFO  [@CacheProcessor0] [EntityIterableCache           ] [@] Caching forcibly stopped for handle 16-266-321-4-489-4-266-425-0-1: cache adapter is obsolete, caching time: 0 ms
 14/07/26 05:28:18,633 INFO  [@CacheProcessor0] [EntityIterableCache           ] [@] Caching forcibly stopped for handle 16-489-740-11-4-144-3-489-638-8-489-302-issue-0-1: cache adapter is obsolete, caching time: 3 ms
 14/07/26 05:28:19,745 INFO  [@CacheProcessor0] [EntityIterableCache           ] [@] Caching forcibly stopped for handle 16-266-321-4-489-2-266-425-0-1: cache adapter is obsolete, caching time: 1 ms
 14/07/26 15:11:13,799 INFO  [@CacheProcessor0] [EntityIterableCache           ] [@] Caching forcibly stopped for handle 11-4-489-8-266-425-8-266-21-tes-676: cache adapter is obsolete, caching time: 6 ms
 15/07/26 22:41:17,931 INFO  [@CacheProcessor0] [EntityIterableCache           ] [@] Caching forcibly stopped for handle 11-4-489-6-266-425-8-266-21-tes-714: cache adapter is obsolete, caching time: 2 ms
 15/07/26 22:41:28,321 INFO  [@CacheProcessor0] [EntityIterableCache           ] [@] Caching forcibly stopped for handle 16-266-321-4-489-0-266-425-0-1: cache adapter is obsolete, caching time: 1 ms
 15/07/26 23:49:54,875 INFO  [@CacheProcessor0] [EntityIterableCache           ] [@] Caching forcibly stopped for handle 11-4-489-8-266-425-8-266-21-tes-732: cache adapter is obsolete, caching time: 0 ms
 15/07/26 23:58:51,593 INFO  [@CacheProcessor0] [EntityIterableCache           ] [@] Caching forcibly stopped for handle 16-266-321-4-489-7-266-425-0-1: cache adapter is obsolete, caching time: 0 ms
 16/07/26 00:03:19,614 INFO  [@CacheProcessor0] [EntityIterableCache           ] [@] Caching forcibly stopped for handle 16-266-321-4-489-0-266-425-0-1: cache adapter is obsolete, caching time: 1 ms
 16/07/26 00:10:48,042 INFO  [@CacheProcessor0] [EntityIterableCache           ] [@] Caching forcibly stopped for handle 16-266-321-4-489-5-266-425-0-1: cache adapter is obsolete, caching time: 1 ms
 16/07/26 00:21:09,273 INFO  [@CacheProcessor0] [EntityIterableCache           ] [@] Caching forcibly stopped for handle 11-4-489-9-266-425-8-266-21-tes-786: cache adapter is obsolete, caching time: 1 ms
 16/07/26 00:21:56,689 INFO  [@CacheProcessor0] [EntityIterableCache           ] [@] Caching forcibly stopped for handle 16-266-321-4-489-4-266-425-0-1: cache adapter is obsolete, caching time: 1 ms
 16/07/26 00:22:58,867 INFO  [@CacheProcessor0] [EntityIterableCache           ] [@] Caching forcibly stopped for handle 16-266-321-4-489-6-266-425-0-1: cache adapter is obsolete, caching time: 0 ms
 16/07/26 01:42:11,241 INFO  [@CacheProcessor0] [EntityIterableCache           ] [@] Caching forcibly stopped for handle 16-266-321-4-489-1-266-425-0-1: cache adapter is obsolete, caching time: 0 ms
 16/07/26 01:47:13,475 INFO  [@CacheProcessor0] [EntityIterableCache           ] [@] Caching forcibly stopped for handle 16-266-321-4-489-3-266-425-0-1: cache adapter is obsolete, caching time: 1 ms
 16/07/26 01:50:26,418 INFO  [@CacheProcessor0] [EntityIterableCache           ] [@] Caching forcibly stopped for handle 16-266-321-4-489-3-266-425-0-1: cache adapter is obsolete, caching time: 0 ms
 16/07/26 01:50:30,393 INFO  [@CacheProcessor0] [EntityIterableCache           ] [@] Caching forcibly stopped for handle 11-4-489-0-266-425-8-266-21-tes-819: cache adapter is obsolete, caching time: 0 ms
 16/07/26 01:51:18,191 INFO  [@CacheProcessor0] [EntityIterableCache           ] [@] Caching forcibly stopped for handle 16-266-321-4-489-6-266-425-0-1: cache adapter is obsolete, caching time: 0 ms
 16/07/26 01:51:48,693 INFO  [@CacheProcessor0] [EntityIterableCache           ] [@] Caching forcibly stopped for handle 16-266-321-4-489-3-266-425-0-1: cache adapter is obsolete, caching time: 4 ms
 16/07/26 01:56:16,825 INFO  [@CacheProcessor0] [EntityIterableCache           ] [@] Caching forcibly stopped for handle 16-266-321-4-489-5-266-425-0-1: cache adapter is obsolete, caching time: 1 ms
 16/07/26 02:07:05,375 INFO  [@CacheProcessor0] [EntityIterableCache           ] [@] Caching forcibly stopped for handle iperm-3-16-3-5-13-1-3-with-link-12-6-3-7-5-3-13-1-1-0-1-readHidden-create-0-1: cache adapter is obsolete, caching time: 1 ms
 16/07/26 02:14:01,876 INFO  [@CacheProcessor0] [EntityIterableCache           ] [@] Caching forcibly stopped for handle 16-266-321-4-489-8-266-425-0-1: cache adapter is obsolete, caching time: 1 ms
 16/07/26 02:18:13,939 INFO  [@CacheProcessor0] [EntityIterableCache           ] [@] Caching forcibly stopped for handle iperm-3-16-3-5-13-1-3-with-link-12-6-3-7-5-3-13-1-1-0-1-readHidden-create-0-1: cache adapter is obsolete, caching time: 1 ms
 16/07/26 02:20:26,536 INFO  [@CacheProcessor0] [EntityIterableCache           ] [@] Caching forcibly stopped for handle iperm-3-16-3-5-13-1-3-with-link-12-6-3-7-5-3-13-1-1-0-1-readHidden-create-0-1: cache adapter is obsolete, caching time: 1 ms
 16/07/26 02:25:54,938 INFO  [@CacheProcessor0] [EntityIterableCache           ] [@] Caching forcibly stopped for handle 16-266-321-4-489-0-266-425-0-1: cache adapter is obsolete, caching time: 1 ms
 16/07/26 02:25:56,504 INFO  [@CacheProcessor0] [EntityIterableCache           ] [@] Caching forcibly stopped for handle 11-4-489-5-266-425-8-266-21-tes-878: cache adapter is obsolete, caching time: 5 ms
 16/07/26 02:29:43,758 INFO  [@CacheProcessor0] [EntityIterableCache           ] [@] Caching forcibly stopped for handle 16-266-321-4-489-0-266-425-0-1: cache adapter is obsolete, caching time: 1 ms
 16/07/26 02:30:12,409 INFO  [@CacheProcessor0] [EntityIterableCache           ] [@] Caching forcibly stopped for handle 11-4-489-2-266-425-8-266-21-tes-892: cache adapter is obsolete, caching time: 1 ms
 16/07/26 11:44:42,939 INFO  [@CacheProcessor0] [EntityIterableCache           ] [@] Cached (inconsistent) in 1275 ms, handle=iperm-3-13-24-search-+(+(+entire_doc:тестов +entire_doc:задач +entire_doc:для +entire_doc:удален) (entire_doc_reversed:яинеладу entire_doc_reversed:ялд entire_doc_reversed:ачадаз entire_doc_reversed:яавотсет)) (summary:тестов summary:задач summary:для summary:удален)^2.0-3-12-6-3-7-5-3-13-0-1-readHidden-create-0-1
 16/07/26 11:47:39,061 INFO  [@CacheProcessor0] [EntityIterableCache           ] [@] Caching forcibly stopped for handle 16-266-321-4-489-5-266-425-0-1: cache adapter is obsolete, caching time: 4 ms
 16/07/26 12:01:30,299 INFO  [@CacheProcessor0] [EntityIterableCache           ] [@] Caching forcibly stopped for handle 16-266-321-4-489-7-266-425-0-1: cache adapter is obsolete, caching time: 1 ms
 16/07/26 12:02:25,997 INFO  [@CacheProcessor0] [EntityIterableCache           ] [@] Caching forcibly stopped for handle 16-266-321-4-489-0-266-425-0-1: cache adapter is obsolete, caching time: 0 ms
 16/07/26 12:13:16,319 INFO  [@CacheProcessor0] [EntityIterableCache           ] [@] Caching forcibly stopped for handle 11-4-489-4-266-425-8-266-21-tes-965: cache adapter is obsolete, caching time: 0 ms
 16/07/26 12:25:45,680 INFO  [@CacheProcessor0] [EntityIterableCache           ] [@] Caching forcibly stopped for handle 13-13-11-4-0-1-3-0-8-3-8-972-6-3-7-5-3-13: cache adapter is obsolete, caching time: 1 ms
 16/07/26 12:26:42,630 INFO  [@CacheProcessor0] [EntityIterableCache           ] [@] Caching forcibly stopped for handle 16-266-321-4-489-0-266-425-0-1: cache adapter is obsolete, caching time: 1 ms
 16/07/26 12:27:51,976 INFO  [@CacheProcessor0] [EntityIterableCache           ] [@] Caching forcibly stopped for handle iperm-3-16-3-5-13-1-3-with-link-12-6-3-7-5-3-13-1-1-0-1-readHidden-create-0-1: cache adapter is obsolete, caching time: 20 ms
 16/07/26 12:32:17,631 INFO  [@CacheProcessor0] [EntityIterableCache           ] [@] Caching forcibly stopped for handle iperm-3-16-3-5-13-1-3-with-link-12-6-3-7-5-3-13-1-1-0-1-readHidden-create-0-1: cache adapter is obsolete, caching time: 0 ms
 16/07/26 12:32:48,810 INFO  [@CacheProcessor0] [EntityIterableCache           ] [@] Caching forcibly stopped for handle 11-4-489-1-266-425-8-266-21-tes-993: cache adapter is obsolete, caching time: 0 ms
 16/07/26 12:33:47,434 INFO  [@CacheProcessor0] [EntityIterableCache           ] [@] Caching forcibly stopped for handle 11-4-489-4-266-425-8-266-21-tes-996: cache adapter is obsolete, caching time: 1 ms
 16/07/26 13:55:44,060 INFO  [@CacheProcessor0] [EntityIterableCache           ] [@] Caching forcibly stopped for handle 16-266-321-4-489-8-266-425-0-1: cache adapter is obsolete, caching time: 0 ms
 16/07/26 13:59:51,424 INFO  [@CacheProcessor0] [EntityIterableCache           ] [@] Caching forcibly stopped for handle 13-13-11-4-0-1-3-0-8-3-8-1027-6-3-7-5-3-13: cache adapter is obsolete, caching time: 1 ms
 17/07/26 16:48:17,534 INFO  [@CacheProcessor0] [EntityIterableCache           ] [@] Caching forcibly stopped for handle 16-266-321-4-489-6-266-425-0-1: cache adapter is obsolete, caching time: 2 ms
 17/07/26 16:48:48,092 INFO  [@CacheProcessor0] [EntityIterableCache           ] [@] Caching forcibly stopped for handle 16-266-321-4-489-5-266-425-0-1: cache adapter is obsolete, caching time: 0 ms
 17/07/26 16:48:52,758 INFO  [@CacheProcessor0] [EntityIterableCache           ] [@] Caching forcibly stopped for handle iperm-3-16-3-5-13-1-3-with-link-12-6-3-7-5-3-13-1-1-0-1-readHidden-create-0-1: cache adapter is obsolete, caching time: 0 ms
 17/07/26 16:58:10,966 INFO  [@CacheProcessor0] [EntityIterableCache           ] [@] Caching forcibly stopped for handle 16-266-321-4-489-7-266-425-0-1: cache adapter is obsolete, caching time: 1 ms
 17/07/26 21:03:35,547 INFO  [@CacheProcessor0] [EntityIterableCache           ] [@] Caching forcibly stopped for handle 16-266-321-4-489-2-266-425-0-1: cache adapter is obsolete, caching time: 2 ms
 