07/07/26 14:07:54,659 ERROR [5345ba39-ac4a-7e0f-d69c-fd9e0eb379de@tp1029503535-48] [WorkflowRuleRunner            ] [prevent-assignee-change/block_assignee_change] [chovieti@192.168.65.1] Processing Issue TES-3:
TypeError: Cannot read property 'oldValue' of null
 TypeError: Cannot read property 'oldValue' of null
	at <js> action(scripts/prevent-assignee-change/block_assignee_change.js:22:862-891)
	at <js> :anonymous(ctx.js:449:14136-14152)
	at org.graalvm.polyglot.Value.execute(Value.java:841)
	at jetbrains.youtrack.scripts.visitors.ObjectVisitor$findAction$1.action$lambda$0(ObjectVisitor.kt:66)
	at jetbrains.youtrack.scripts.metrics.ScriptTelemetry.track(ScriptTelemetry.kt:26)
	at jetbrains.youtrack.scripts.metrics.ScriptTelemetry.track$default(ScriptTelemetry.kt:20)
	at jetbrains.youtrack.scripts.visitors.ObjectVisitor$findAction$1.action(ObjectVisitor.kt:65)
	at jetbrains.youtrack.workflow.model.StatelessRule.doHandle$lambda$0(StatelessRule.kt:48)
	at jetbrains.youtrack.scripts.model.PluggableObject.withLogging(PluggableObject.kt:80)
	at jetbrains.youtrack.workflow.model.StatelessRule.doHandle(StatelessRule.kt:35)
	at jetbrains.youtrack.workflow.model.Rule.handle$lambda$0(Rule.kt:64)
	at jetbrains.youtrack.scripts.internals.RunInContextKt.useGraalContextPool(RunInContext.kt:24)
	at jetbrains.youtrack.scripts.model.PluggableObject.runInContext(PluggableObject.kt:104)
	at jetbrains.youtrack.workflow.model.Rule.handle(Rule.kt:63)
	at jetbrains.youtrack.workflow.ext.WorkflowRuleWrappingChangeHandler.doInvoke$lambda$0(WorkflowEntityChangeHandlers.kt:75)
	at jetbrains.youtrack.workflow.legacystar.InMemoryLegacyStarUsageStatistics.withRuleContext(InMemoryLegacyStarUsageStatistics.kt:45)
	at jetbrains.youtrack.workflow.ext.WorkflowRuleWrappingChangeHandler.doInvoke(WorkflowEntityChangeHandlers.kt:74)
	at jetbrains.youtrack.workflow.ext.StatelessRuleWrappingChangeHandler.doInvoke(WorkflowEntityChangeHandlers.kt:113)
	at jetbrains.youtrack.api.workflow.configuration.EntityChangeHandler.invoke(EntityChangeHandler.kt:19)
	at jetbrains.youtrack.workflow.ext.RulesRunner.callHandlers(RulesRunner.kt:140)
	at jetbrains.youtrack.workflow.ext.RulesRunner.callCyclicHandlers(RulesRunner.kt:121)
	at jetbrains.youtrack.workflow.ext.RulesRunner.run(RulesRunner.kt:67)
	at jetbrains.youtrack.workflow.ext.WorkflowIssueListenerImpl.beforeFlushBeforeConstraints(WorkflowIssueListenerImpl.kt:62)
	at com.jetbrains.teamsys.dnq.database.TransientSessionImpl.notifyBeforeFlushListeners$lambda$1(TransientSessionImpl.kt:760)
	at com.jetbrains.teamsys.dnq.database.TransientSessionImpl.forAllListeners$lambda$0(TransientSessionImpl.kt:1325)
	at com.jetbrains.teamsys.dnq.database.TransientEntityStoreImpl.forAllListeners$dnq_transient_store(TransientEntityStoreImpl.kt:332)
	at com.jetbrains.teamsys.dnq.database.TransientSessionImpl.forAllListeners(TransientSessionImpl.kt:1323)
	at com.jetbrains.teamsys.dnq.database.TransientSessionImpl.notifyBeforeFlushListeners(TransientSessionImpl.kt:760)
	at com.jetbrains.teamsys.dnq.database.TransientSessionImpl.beforeFlush(TransientSessionImpl.kt:717)
	at com.jetbrains.teamsys.dnq.database.TransientSessionImpl.flushChanges(TransientSessionImpl.kt:517)
	at com.jetbrains.teamsys.dnq.database.TransientSessionImpl.flush(TransientSessionImpl.kt:193)
	at jetbrains.charisma.main.YouTrackTransactionalFilter.filter(RestFilters.kt:171)
	at org.glassfish.jersey.server.ContainerFilteringStage$ResponseFilterStage.apply(ContainerFilteringStage.java:172)
	at org.glassfish.jersey.server.ContainerFilteringStage$ResponseFilterStage.apply(ContainerFilteringStage.java:139)
	at org.glassfish.jersey.process.internal.Stages.process(Stages.java:147)
	at org.glassfish.jersey.server.ServerRuntime$Responder.processResponse(ServerRuntime.java:378)
	at org.glassfish.jersey.server.ServerRuntime$Responder.process(ServerRuntime.java:370)
	at org.glassfish.jersey.server.ServerRuntime$1.run(ServerRuntime.java:259)
	at org.glassfish.jersey.internal.Errors$1.call(Errors.java:248)
	at org.glassfish.jersey.internal.Errors$1.call(Errors.java:244)
	at org.glassfish.jersey.internal.Errors.process(Errors.java:292)
	at org.glassfish.jersey.internal.Errors.process(Errors.java:274)
	at org.glassfish.jersey.internal.Errors.process(Errors.java:244)
	at org.glassfish.jersey.process.internal.RequestScope.runInScope(RequestScope.java:265)
	at org.glassfish.jersey.server.ServerRuntime.process(ServerRuntime.java:235)
	at org.glassfish.jersey.server.ApplicationHandler.handle(ApplicationHandler.java:684)
	at org.glassfish.jersey.servlet.WebComponent.serviceImpl(WebComponent.java:397)
	at org.glassfish.jersey.servlet.WebComponent.service(WebComponent.java:349)
	at jetbrains.youtrack.webapp.servlets.GapRestServlet.service(GapRestServlet.kt:85)
	at org.glassfish.jersey.servlet.ServletContainer.service(ServletContainer.java:312)
	at org.glassfish.jersey.servlet.ServletContainer.service(ServletContainer.java:205)
	at org.eclipse.jetty.servlet.ServletHolder.handle(ServletHolder.java:799)
	at org.eclipse.jetty.servlet.ServletHandler$ChainEnd.doFilter(ServletHandler.java:1656)
	at jetbrains.youtrack.webapp.filters.ClearPrincipalFilter.doFilter(ClearPrincipalFilter.kt:16)
	at jetbrains.youtrack.webapp.filters.FilterAdapter.doFilter(FilterAdapter.kt:45)
	at org.eclipse.jetty.servlet.FilterHolder.doFilter(FilterHolder.java:193)
	at org.eclipse.jetty.servlet.ServletHandler$Chain.doFilter(ServletHandler.java:1626)
	at jetbrains.youtrack.webapp.filters.SecurityResponseHeadersFilter.doFilter(SecurityResponseHeadersFilter.kt:29)
	at jetbrains.youtrack.webapp.filters.FilterAdapter.doFilter(FilterAdapter.kt:45)
	at org.eclipse.jetty.servlet.FilterHolder.doFilter(FilterHolder.java:193)
	at org.eclipse.jetty.servlet.ServletHandler$Chain.doFilter(ServletHandler.java:1626)
	at jetbrains.youtrack.gaprest.filters.HttpContextAccessorFilter.doFilter(HttpContextAccessorFilter.kt:41)
	at org.eclipse.jetty.servlet.FilterHolder.doFilter(FilterHolder.java:193)
	at org.eclipse.jetty.servlet.ServletHandler$Chain.doFilter(ServletHandler.java:1626)
	at jetbrains.youtrack.spring.controller.BaseApplicationFilter.doFilter(BaseApplicationFilter.kt:23)
	at org.eclipse.jetty.servlet.FilterHolder.doFilter(FilterHolder.java:193)
	at org.eclipse.jetty.servlet.ServletHandler$Chain.doFilter(ServletHandler.java:1626)
	at jetbrains.youtrack.webapp.filters.MdcProviderServletFilter.doFilter(MdcProviderServletFilter.kt:29)
	at org.eclipse.jetty.servlet.FilterHolder.doFilter(FilterHolder.java:193)
	at org.eclipse.jetty.servlet.ServletHandler$Chain.doFilter(ServletHandler.java:1626)
	at jetbrains.youtrack.webapp.filters.SitemapFilter.doFilter(SitemapFilter.kt:16)
	at jetbrains.youtrack.webapp.filters.FilterAdapter.doFilter(FilterAdapter.kt:45)
	at org.eclipse.jetty.servlet.FilterHolder.doFilter(FilterHolder.java:193)
	at org.eclipse.jetty.servlet.ServletHandler$Chain.doFilter(ServletHandler.java:1626)
	at jetbrains.youtrack.webapp.filters.CorsRequestFilter.doFilter(CorsRequestFilter.kt:59)
	at jetbrains.youtrack.webapp.filters.FilterAdapter.doFilter(FilterAdapter.kt:45)
	at org.eclipse.jetty.servlet.FilterHolder.doFilter(FilterHolder.java:193)
	at org.eclipse.jetty.servlet.ServletHandler$Chain.doFilter(ServletHandler.java:1626)
	at jetbrains.youtrack.webapp.filters.CloudRedirectRootRequestFilter.doFilter(CloudRedirectRootRequestFilter.kt:14)
	at jetbrains.youtrack.webapp.filters.FilterAdapter.doFilter(FilterAdapter.kt:45)
	at org.eclipse.jetty.servlet.FilterHolder.doFilter(FilterHolder.java:193)
	at org.eclipse.jetty.servlet.ServletHandler$Chain.doFilter(ServletHandler.java:1626)
	at jetbrains.youtrack.webapp.filters.CloudForwardFilter.doFilter(CloudForwardFilter.kt:15)
	at jetbrains.youtrack.webapp.filters.FilterAdapter.doFilter(FilterAdapter.kt:45)
	at org.eclipse.jetty.servlet.FilterHolder.doFilter(FilterHolder.java:193)
	at org.eclipse.jetty.servlet.ServletHandler$Chain.doFilter(ServletHandler.java:1626)
	at org.eclipse.jetty.servlet.ServletHandler.doHandle(ServletHandler.java:552)
	at org.eclipse.jetty.server.handler.ScopedHandler.handle(ScopedHandler.java:143)
	at org.eclipse.jetty.server.handler.gzip.GzipHandler.handle(GzipHandler.java:772)
	at org.eclipse.jetty.security.SecurityHandler.handle(SecurityHandler.java:600)
	at org.eclipse.jetty.server.handler.HandlerWrapper.handle(HandlerWrapper.java:127)
	at org.eclipse.jetty.server.handler.ScopedHandler.nextHandle(ScopedHandler.java:235)
	at org.eclipse.jetty.server.session.SessionHandler.doHandle(SessionHandler.java:1624)
	at org.eclipse.jetty.server.handler.ScopedHandler.nextHandle(ScopedHandler.java:233)
	at org.eclipse.jetty.server.handler.ContextHandler.doHandle(ContextHandler.java:1440)
	at org.eclipse.jetty.server.handler.ScopedHandler.nextScope(ScopedHandler.java:188)
	at org.eclipse.jetty.servlet.ServletHandler.doScope(ServletHandler.java:505)
	at org.eclipse.jetty.server.session.SessionHandler.doScope(SessionHandler.java:1594)
	at org.eclipse.jetty.server.handler.ScopedHandler.nextScope(ScopedHandler.java:186)
	at org.eclipse.jetty.server.handler.ContextHandler.doScope(ContextHandler.java:1355)
	at org.eclipse.jetty.server.handler.ScopedHandler.handle(ScopedHandler.java:141)
	at org.eclipse.jetty.server.handler.ContextHandlerCollection.handle(ContextHandlerCollection.java:234)
	at org.eclipse.jetty.server.handler.HandlerCollection.handle(HandlerCollection.java:146)
	at org.eclipse.jetty.server.handler.HandlerWrapper.handle(HandlerWrapper.java:127)
	at org.eclipse.jetty.server.Server.handle(Server.java:516)
	at org.eclipse.jetty.server.HttpChannel.lambda$handle$1(HttpChannel.java:487)
	at org.eclipse.jetty.server.HttpChannel.dispatch(HttpChannel.java:732)
	at org.eclipse.jetty.server.HttpChannel.handle(HttpChannel.java:479)
	at org.eclipse.jetty.server.HttpConnection.onFillable(HttpConnection.java:277)
	at org.eclipse.jetty.io.AbstractConnection$ReadCallback.succeeded(AbstractConnection.java:311)
	at org.eclipse.jetty.io.FillInterest.fillable(FillInterest.java:105)
	at org.eclipse.jetty.io.ChannelEndPoint$1.run(ChannelEndPoint.java:104)
	at org.eclipse.jetty.util.thread.strategy.EatWhatYouKill.runTask(EatWhatYouKill.java:338)
	at org.eclipse.jetty.util.thread.strategy.EatWhatYouKill.doProduce(EatWhatYouKill.java:315)
	at org.eclipse.jetty.util.thread.strategy.EatWhatYouKill.tryProduce(EatWhatYouKill.java:173)
	at org.eclipse.jetty.util.thread.strategy.EatWhatYouKill.run(EatWhatYouKill.java:131)
	at org.eclipse.jetty.util.thread.ReservedThreadExecutor$ReservedThread.run(ReservedThreadExecutor.java:409)
	at org.eclipse.jetty.util.thread.QueuedThreadPool.runJob(QueuedThreadPool.java:883)
	at org.eclipse.jetty.util.thread.QueuedThreadPool$Runner.run(QueuedThreadPool.java:1034)
	at java.base/java.lang.Thread.run(Thread.java:1583)
07/07/26 14:08:02,086 ERROR [12e68135-cb63-790c-3295-a25b3faea9bb@p1029503535-247] [WorkflowRuleRunner            ] [prevent-assignee-change/block_assignee_change] [chovieti@192.168.65.1] Processing Issue TES-3:
TypeError: Cannot read property 'oldValue' of null
 TypeError: Cannot read property 'oldValue' of null
	at <js> action(scripts/prevent-assignee-change/block_assignee_change.js:22:862-891)
	at <js> :anonymous(ctx.js:449:14136-14152)
	at org.graalvm.polyglot.Value.execute(Value.java:841)
	at jetbrains.youtrack.scripts.visitors.ObjectVisitor$findAction$1.action$lambda$0(ObjectVisitor.kt:66)
	at jetbrains.youtrack.scripts.metrics.ScriptTelemetry.track(ScriptTelemetry.kt:26)
	at jetbrains.youtrack.scripts.metrics.ScriptTelemetry.track$default(ScriptTelemetry.kt:20)
	at jetbrains.youtrack.scripts.visitors.ObjectVisitor$findAction$1.action(ObjectVisitor.kt:65)
	at jetbrains.youtrack.workflow.model.StatelessRule.doHandle$lambda$0(StatelessRule.kt:48)
	at jetbrains.youtrack.scripts.model.PluggableObject.withLogging(PluggableObject.kt:80)
	at jetbrains.youtrack.workflow.model.StatelessRule.doHandle(StatelessRule.kt:35)
	at jetbrains.youtrack.workflow.model.Rule.handle$lambda$0(Rule.kt:64)
	at jetbrains.youtrack.scripts.internals.RunInContextKt.useGraalContextPool(RunInContext.kt:24)
	at jetbrains.youtrack.scripts.model.PluggableObject.runInContext(PluggableObject.kt:104)
	at jetbrains.youtrack.workflow.model.Rule.handle(Rule.kt:63)
	at jetbrains.youtrack.workflow.ext.WorkflowRuleWrappingChangeHandler.doInvoke$lambda$0(WorkflowEntityChangeHandlers.kt:75)
	at jetbrains.youtrack.workflow.legacystar.InMemoryLegacyStarUsageStatistics.withRuleContext(InMemoryLegacyStarUsageStatistics.kt:45)
	at jetbrains.youtrack.workflow.ext.WorkflowRuleWrappingChangeHandler.doInvoke(WorkflowEntityChangeHandlers.kt:74)
	at jetbrains.youtrack.workflow.ext.StatelessRuleWrappingChangeHandler.doInvoke(WorkflowEntityChangeHandlers.kt:113)
	at jetbrains.youtrack.api.workflow.configuration.EntityChangeHandler.invoke(EntityChangeHandler.kt:19)
	at jetbrains.youtrack.workflow.ext.RulesRunner.callHandlers(RulesRunner.kt:140)
	at jetbrains.youtrack.workflow.ext.RulesRunner.callCyclicHandlers(RulesRunner.kt:121)
	at jetbrains.youtrack.workflow.ext.RulesRunner.run(RulesRunner.kt:67)
	at jetbrains.youtrack.workflow.ext.WorkflowIssueListenerImpl.beforeFlushBeforeConstraints(WorkflowIssueListenerImpl.kt:62)
	at com.jetbrains.teamsys.dnq.database.TransientSessionImpl.notifyBeforeFlushListeners$lambda$1(TransientSessionImpl.kt:760)
	at com.jetbrains.teamsys.dnq.database.TransientSessionImpl.forAllListeners$lambda$0(TransientSessionImpl.kt:1325)
	at com.jetbrains.teamsys.dnq.database.TransientEntityStoreImpl.forAllListeners$dnq_transient_store(TransientEntityStoreImpl.kt:332)
	at com.jetbrains.teamsys.dnq.database.TransientSessionImpl.forAllListeners(TransientSessionImpl.kt:1323)
	at com.jetbrains.teamsys.dnq.database.TransientSessionImpl.notifyBeforeFlushListeners(TransientSessionImpl.kt:760)
	at com.jetbrains.teamsys.dnq.database.TransientSessionImpl.beforeFlush(TransientSessionImpl.kt:717)
	at com.jetbrains.teamsys.dnq.database.TransientSessionImpl.flushChanges(TransientSessionImpl.kt:517)
	at com.jetbrains.teamsys.dnq.database.TransientSessionImpl.flush(TransientSessionImpl.kt:193)
	at jetbrains.charisma.main.YouTrackTransactionalFilter.filter(RestFilters.kt:171)
	at org.glassfish.jersey.server.ContainerFilteringStage$ResponseFilterStage.apply(ContainerFilteringStage.java:172)
	at org.glassfish.jersey.server.ContainerFilteringStage$ResponseFilterStage.apply(ContainerFilteringStage.java:139)
	at org.glassfish.jersey.process.internal.Stages.process(Stages.java:147)
	at org.glassfish.jersey.server.ServerRuntime$Responder.processResponse(ServerRuntime.java:378)
	at org.glassfish.jersey.server.ServerRuntime$Responder.process(ServerRuntime.java:370)
	at org.glassfish.jersey.server.ServerRuntime$1.run(ServerRuntime.java:259)
	at org.glassfish.jersey.internal.Errors$1.call(Errors.java:248)
	at org.glassfish.jersey.internal.Errors$1.call(Errors.java:244)
	at org.glassfish.jersey.internal.Errors.process(Errors.java:292)
	at org.glassfish.jersey.internal.Errors.process(Errors.java:274)
	at org.glassfish.jersey.internal.Errors.process(Errors.java:244)
	at org.glassfish.jersey.process.internal.RequestScope.runInScope(RequestScope.java:265)
	at org.glassfish.jersey.server.ServerRuntime.process(ServerRuntime.java:235)
	at org.glassfish.jersey.server.ApplicationHandler.handle(ApplicationHandler.java:684)
	at org.glassfish.jersey.servlet.WebComponent.serviceImpl(WebComponent.java:397)
	at org.glassfish.jersey.servlet.WebComponent.service(WebComponent.java:349)
	at jetbrains.youtrack.webapp.servlets.GapRestServlet.service(GapRestServlet.kt:85)
	at org.glassfish.jersey.servlet.ServletContainer.service(ServletContainer.java:312)
	at org.glassfish.jersey.servlet.ServletContainer.service(ServletContainer.java:205)
	at org.eclipse.jetty.servlet.ServletHolder.handle(ServletHolder.java:799)
	at org.eclipse.jetty.servlet.ServletHandler$ChainEnd.doFilter(ServletHandler.java:1656)
	at jetbrains.youtrack.webapp.filters.ClearPrincipalFilter.doFilter(ClearPrincipalFilter.kt:16)
	at jetbrains.youtrack.webapp.filters.FilterAdapter.doFilter(FilterAdapter.kt:45)
	at org.eclipse.jetty.servlet.FilterHolder.doFilter(FilterHolder.java:193)
	at org.eclipse.jetty.servlet.ServletHandler$Chain.doFilter(ServletHandler.java:1626)
	at jetbrains.youtrack.webapp.filters.SecurityResponseHeadersFilter.doFilter(SecurityResponseHeadersFilter.kt:29)
	at jetbrains.youtrack.webapp.filters.FilterAdapter.doFilter(FilterAdapter.kt:45)
	at org.eclipse.jetty.servlet.FilterHolder.doFilter(FilterHolder.java:193)
	at org.eclipse.jetty.servlet.ServletHandler$Chain.doFilter(ServletHandler.java:1626)
	at jetbrains.youtrack.gaprest.filters.HttpContextAccessorFilter.doFilter(HttpContextAccessorFilter.kt:41)
	at org.eclipse.jetty.servlet.FilterHolder.doFilter(FilterHolder.java:193)
	at org.eclipse.jetty.servlet.ServletHandler$Chain.doFilter(ServletHandler.java:1626)
	at jetbrains.youtrack.spring.controller.BaseApplicationFilter.doFilter(BaseApplicationFilter.kt:23)
	at org.eclipse.jetty.servlet.FilterHolder.doFilter(FilterHolder.java:193)
	at org.eclipse.jetty.servlet.ServletHandler$Chain.doFilter(ServletHandler.java:1626)
	at jetbrains.youtrack.webapp.filters.MdcProviderServletFilter.doFilter(MdcProviderServletFilter.kt:29)
	at org.eclipse.jetty.servlet.FilterHolder.doFilter(FilterHolder.java:193)
	at org.eclipse.jetty.servlet.ServletHandler$Chain.doFilter(ServletHandler.java:1626)
	at jetbrains.youtrack.webapp.filters.SitemapFilter.doFilter(SitemapFilter.kt:16)
	at jetbrains.youtrack.webapp.filters.FilterAdapter.doFilter(FilterAdapter.kt:45)
	at org.eclipse.jetty.servlet.FilterHolder.doFilter(FilterHolder.java:193)
	at org.eclipse.jetty.servlet.ServletHandler$Chain.doFilter(ServletHandler.java:1626)
	at jetbrains.youtrack.webapp.filters.CorsRequestFilter.doFilter(CorsRequestFilter.kt:59)
	at jetbrains.youtrack.webapp.filters.FilterAdapter.doFilter(FilterAdapter.kt:45)
	at org.eclipse.jetty.servlet.FilterHolder.doFilter(FilterHolder.java:193)
	at org.eclipse.jetty.servlet.ServletHandler$Chain.doFilter(ServletHandler.java:1626)
	at jetbrains.youtrack.webapp.filters.CloudRedirectRootRequestFilter.doFilter(CloudRedirectRootRequestFilter.kt:14)
	at jetbrains.youtrack.webapp.filters.FilterAdapter.doFilter(FilterAdapter.kt:45)
	at org.eclipse.jetty.servlet.FilterHolder.doFilter(FilterHolder.java:193)
	at org.eclipse.jetty.servlet.ServletHandler$Chain.doFilter(ServletHandler.java:1626)
	at jetbrains.youtrack.webapp.filters.CloudForwardFilter.doFilter(CloudForwardFilter.kt:15)
	at jetbrains.youtrack.webapp.filters.FilterAdapter.doFilter(FilterAdapter.kt:45)
	at org.eclipse.jetty.servlet.FilterHolder.doFilter(FilterHolder.java:193)
	at org.eclipse.jetty.servlet.ServletHandler$Chain.doFilter(ServletHandler.java:1626)
	at org.eclipse.jetty.servlet.ServletHandler.doHandle(ServletHandler.java:552)
	at org.eclipse.jetty.server.handler.ScopedHandler.handle(ScopedHandler.java:143)
	at org.eclipse.jetty.server.handler.gzip.GzipHandler.handle(GzipHandler.java:772)
	at org.eclipse.jetty.security.SecurityHandler.handle(SecurityHandler.java:600)
	at org.eclipse.jetty.server.handler.HandlerWrapper.handle(HandlerWrapper.java:127)
	at org.eclipse.jetty.server.handler.ScopedHandler.nextHandle(ScopedHandler.java:235)
	at org.eclipse.jetty.server.session.SessionHandler.doHandle(SessionHandler.java:1624)
	at org.eclipse.jetty.server.handler.ScopedHandler.nextHandle(ScopedHandler.java:233)
	at org.eclipse.jetty.server.handler.ContextHandler.doHandle(ContextHandler.java:1440)
	at org.eclipse.jetty.server.handler.ScopedHandler.nextScope(ScopedHandler.java:188)
	at org.eclipse.jetty.servlet.ServletHandler.doScope(ServletHandler.java:505)
	at org.eclipse.jetty.server.session.SessionHandler.doScope(SessionHandler.java:1594)
	at org.eclipse.jetty.server.handler.ScopedHandler.nextScope(ScopedHandler.java:186)
	at org.eclipse.jetty.server.handler.ContextHandler.doScope(ContextHandler.java:1355)
	at org.eclipse.jetty.server.handler.ScopedHandler.handle(ScopedHandler.java:141)
	at org.eclipse.jetty.server.handler.ContextHandlerCollection.handle(ContextHandlerCollection.java:234)
	at org.eclipse.jetty.server.handler.HandlerCollection.handle(HandlerCollection.java:146)
	at org.eclipse.jetty.server.handler.HandlerWrapper.handle(HandlerWrapper.java:127)
	at org.eclipse.jetty.server.Server.handle(Server.java:516)
	at org.eclipse.jetty.server.HttpChannel.lambda$handle$1(HttpChannel.java:487)
	at org.eclipse.jetty.server.HttpChannel.dispatch(HttpChannel.java:732)
	at org.eclipse.jetty.server.HttpChannel.handle(HttpChannel.java:479)
	at org.eclipse.jetty.server.HttpConnection.onFillable(HttpConnection.java:277)
	at org.eclipse.jetty.io.AbstractConnection$ReadCallback.succeeded(AbstractConnection.java:311)
	at org.eclipse.jetty.io.FillInterest.fillable(FillInterest.java:105)
	at org.eclipse.jetty.io.ChannelEndPoint$1.run(ChannelEndPoint.java:104)
	at org.eclipse.jetty.util.thread.strategy.EatWhatYouKill.runTask(EatWhatYouKill.java:338)
	at org.eclipse.jetty.util.thread.strategy.EatWhatYouKill.doProduce(EatWhatYouKill.java:315)
	at org.eclipse.jetty.util.thread.strategy.EatWhatYouKill.tryProduce(EatWhatYouKill.java:173)
	at org.eclipse.jetty.util.thread.strategy.EatWhatYouKill.run(EatWhatYouKill.java:131)
	at org.eclipse.jetty.util.thread.ReservedThreadExecutor$ReservedThread.run(ReservedThreadExecutor.java:409)
	at org.eclipse.jetty.util.thread.QueuedThreadPool.runJob(QueuedThreadPool.java:883)
	at org.eclipse.jetty.util.thread.QueuedThreadPool$Runner.run(QueuedThreadPool.java:1034)
	at java.base/java.lang.Thread.run(Thread.java:1583)
07/07/26 14:14:09,416 ERROR [917d00ef-62b6-38a4-e934-2e1864c26330@p1029503535-233] [WorkflowRuleRunner            ] [prevent-assignee-change/block_assignee_change] [chovieti@192.168.65.1] Processing Issue TES-3:
TypeError: Cannot read property 'oldValue' of null
 TypeError: Cannot read property 'oldValue' of null
	at <js> action(scripts/prevent-assignee-change/block_assignee_change.js:20:763-792)
	at <js> :anonymous(ctx.js:449:14136-14152)
	at org.graalvm.polyglot.Value.execute(Value.java:841)
	at jetbrains.youtrack.scripts.visitors.ObjectVisitor$findAction$1.action$lambda$0(ObjectVisitor.kt:66)
	at jetbrains.youtrack.scripts.metrics.ScriptTelemetry.track(ScriptTelemetry.kt:26)
	at jetbrains.youtrack.scripts.metrics.ScriptTelemetry.track$default(ScriptTelemetry.kt:20)
	at jetbrains.youtrack.scripts.visitors.ObjectVisitor$findAction$1.action(ObjectVisitor.kt:65)
	at jetbrains.youtrack.workflow.model.StatelessRule.doHandle$lambda$0(StatelessRule.kt:48)
	at jetbrains.youtrack.scripts.model.PluggableObject.withLogging(PluggableObject.kt:80)
	at jetbrains.youtrack.workflow.model.StatelessRule.doHandle(StatelessRule.kt:35)
	at jetbrains.youtrack.workflow.model.Rule.handle$lambda$0(Rule.kt:64)
	at jetbrains.youtrack.scripts.internals.RunInContextKt.useGraalContextPool(RunInContext.kt:24)
	at jetbrains.youtrack.scripts.model.PluggableObject.runInContext(PluggableObject.kt:104)
	at jetbrains.youtrack.workflow.model.Rule.handle(Rule.kt:63)
	at jetbrains.youtrack.workflow.ext.WorkflowRuleWrappingChangeHandler.doInvoke$lambda$0(WorkflowEntityChangeHandlers.kt:75)
	at jetbrains.youtrack.workflow.legacystar.InMemoryLegacyStarUsageStatistics.withRuleContext(InMemoryLegacyStarUsageStatistics.kt:45)
	at jetbrains.youtrack.workflow.ext.WorkflowRuleWrappingChangeHandler.doInvoke(WorkflowEntityChangeHandlers.kt:74)
	at jetbrains.youtrack.workflow.ext.StatelessRuleWrappingChangeHandler.doInvoke(WorkflowEntityChangeHandlers.kt:113)
	at jetbrains.youtrack.api.workflow.configuration.EntityChangeHandler.invoke(EntityChangeHandler.kt:19)
	at jetbrains.youtrack.workflow.ext.RulesRunner.callHandlers(RulesRunner.kt:140)
	at jetbrains.youtrack.workflow.ext.RulesRunner.callCyclicHandlers(RulesRunner.kt:121)
	at jetbrains.youtrack.workflow.ext.RulesRunner.run(RulesRunner.kt:67)
	at jetbrains.youtrack.workflow.ext.WorkflowIssueListenerImpl.beforeFlushBeforeConstraints(WorkflowIssueListenerImpl.kt:62)
	at com.jetbrains.teamsys.dnq.database.TransientSessionImpl.notifyBeforeFlushListeners$lambda$1(TransientSessionImpl.kt:760)
	at com.jetbrains.teamsys.dnq.database.TransientSessionImpl.forAllListeners$lambda$0(TransientSessionImpl.kt:1325)
	at com.jetbrains.teamsys.dnq.database.TransientEntityStoreImpl.forAllListeners$dnq_transient_store(TransientEntityStoreImpl.kt:332)
	at com.jetbrains.teamsys.dnq.database.TransientSessionImpl.forAllListeners(TransientSessionImpl.kt:1323)
	at com.jetbrains.teamsys.dnq.database.TransientSessionImpl.notifyBeforeFlushListeners(TransientSessionImpl.kt:760)
	at com.jetbrains.teamsys.dnq.database.TransientSessionImpl.beforeFlush(TransientSessionImpl.kt:717)
	at com.jetbrains.teamsys.dnq.database.TransientSessionImpl.flushChanges(TransientSessionImpl.kt:517)
	at com.jetbrains.teamsys.dnq.database.TransientSessionImpl.flush(TransientSessionImpl.kt:193)
	at jetbrains.charisma.main.YouTrackTransactionalFilter.filter(RestFilters.kt:171)
	at org.glassfish.jersey.server.ContainerFilteringStage$ResponseFilterStage.apply(ContainerFilteringStage.java:172)
	at org.glassfish.jersey.server.ContainerFilteringStage$ResponseFilterStage.apply(ContainerFilteringStage.java:139)
	at org.glassfish.jersey.process.internal.Stages.process(Stages.java:147)
	at org.glassfish.jersey.server.ServerRuntime$Responder.processResponse(ServerRuntime.java:378)
	at org.glassfish.jersey.server.ServerRuntime$Responder.process(ServerRuntime.java:370)
	at org.glassfish.jersey.server.ServerRuntime$1.run(ServerRuntime.java:259)
	at org.glassfish.jersey.internal.Errors$1.call(Errors.java:248)
	at org.glassfish.jersey.internal.Errors$1.call(Errors.java:244)
	at org.glassfish.jersey.internal.Errors.process(Errors.java:292)
	at org.glassfish.jersey.internal.Errors.process(Errors.java:274)
	at org.glassfish.jersey.internal.Errors.process(Errors.java:244)
	at org.glassfish.jersey.process.internal.RequestScope.runInScope(RequestScope.java:265)
	at org.glassfish.jersey.server.ServerRuntime.process(ServerRuntime.java:235)
	at org.glassfish.jersey.server.ApplicationHandler.handle(ApplicationHandler.java:684)
	at org.glassfish.jersey.servlet.WebComponent.serviceImpl(WebComponent.java:397)
	at org.glassfish.jersey.servlet.WebComponent.service(WebComponent.java:349)
	at jetbrains.youtrack.webapp.servlets.GapRestServlet.service(GapRestServlet.kt:85)
	at org.glassfish.jersey.servlet.ServletContainer.service(ServletContainer.java:312)
	at org.glassfish.jersey.servlet.ServletContainer.service(ServletContainer.java:205)
	at org.eclipse.jetty.servlet.ServletHolder.handle(ServletHolder.java:799)
	at org.eclipse.jetty.servlet.ServletHandler$ChainEnd.doFilter(ServletHandler.java:1656)
	at jetbrains.youtrack.webapp.filters.ClearPrincipalFilter.doFilter(ClearPrincipalFilter.kt:16)
	at jetbrains.youtrack.webapp.filters.FilterAdapter.doFilter(FilterAdapter.kt:45)
	at org.eclipse.jetty.servlet.FilterHolder.doFilter(FilterHolder.java:193)
	at org.eclipse.jetty.servlet.ServletHandler$Chain.doFilter(ServletHandler.java:1626)
	at jetbrains.youtrack.webapp.filters.SecurityResponseHeadersFilter.doFilter(SecurityResponseHeadersFilter.kt:29)
	at jetbrains.youtrack.webapp.filters.FilterAdapter.doFilter(FilterAdapter.kt:45)
	at org.eclipse.jetty.servlet.FilterHolder.doFilter(FilterHolder.java:193)
	at org.eclipse.jetty.servlet.ServletHandler$Chain.doFilter(ServletHandler.java:1626)
	at jetbrains.youtrack.gaprest.filters.HttpContextAccessorFilter.doFilter(HttpContextAccessorFilter.kt:41)
	at org.eclipse.jetty.servlet.FilterHolder.doFilter(FilterHolder.java:193)
	at org.eclipse.jetty.servlet.ServletHandler$Chain.doFilter(ServletHandler.java:1626)
	at jetbrains.youtrack.spring.controller.BaseApplicationFilter.doFilter(BaseApplicationFilter.kt:23)
	at org.eclipse.jetty.servlet.FilterHolder.doFilter(FilterHolder.java:193)
	at org.eclipse.jetty.servlet.ServletHandler$Chain.doFilter(ServletHandler.java:1626)
	at jetbrains.youtrack.webapp.filters.MdcProviderServletFilter.doFilter(MdcProviderServletFilter.kt:29)
	at org.eclipse.jetty.servlet.FilterHolder.doFilter(FilterHolder.java:193)
	at org.eclipse.jetty.servlet.ServletHandler$Chain.doFilter(ServletHandler.java:1626)
	at jetbrains.youtrack.webapp.filters.SitemapFilter.doFilter(SitemapFilter.kt:16)
	at jetbrains.youtrack.webapp.filters.FilterAdapter.doFilter(FilterAdapter.kt:45)
	at org.eclipse.jetty.servlet.FilterHolder.doFilter(FilterHolder.java:193)
	at org.eclipse.jetty.servlet.ServletHandler$Chain.doFilter(ServletHandler.java:1626)
	at jetbrains.youtrack.webapp.filters.CorsRequestFilter.doFilter(CorsRequestFilter.kt:59)
	at jetbrains.youtrack.webapp.filters.FilterAdapter.doFilter(FilterAdapter.kt:45)
	at org.eclipse.jetty.servlet.FilterHolder.doFilter(FilterHolder.java:193)
	at org.eclipse.jetty.servlet.ServletHandler$Chain.doFilter(ServletHandler.java:1626)
	at jetbrains.youtrack.webapp.filters.CloudRedirectRootRequestFilter.doFilter(CloudRedirectRootRequestFilter.kt:14)
	at jetbrains.youtrack.webapp.filters.FilterAdapter.doFilter(FilterAdapter.kt:45)
	at org.eclipse.jetty.servlet.FilterHolder.doFilter(FilterHolder.java:193)
	at org.eclipse.jetty.servlet.ServletHandler$Chain.doFilter(ServletHandler.java:1626)
	at jetbrains.youtrack.webapp.filters.CloudForwardFilter.doFilter(CloudForwardFilter.kt:15)
	at jetbrains.youtrack.webapp.filters.FilterAdapter.doFilter(FilterAdapter.kt:45)
	at org.eclipse.jetty.servlet.FilterHolder.doFilter(FilterHolder.java:193)
	at org.eclipse.jetty.servlet.ServletHandler$Chain.doFilter(ServletHandler.java:1626)
	at org.eclipse.jetty.servlet.ServletHandler.doHandle(ServletHandler.java:552)
	at org.eclipse.jetty.server.handler.ScopedHandler.handle(ScopedHandler.java:143)
	at org.eclipse.jetty.server.handler.gzip.GzipHandler.handle(GzipHandler.java:772)
	at org.eclipse.jetty.security.SecurityHandler.handle(SecurityHandler.java:600)
	at org.eclipse.jetty.server.handler.HandlerWrapper.handle(HandlerWrapper.java:127)
	at org.eclipse.jetty.server.handler.ScopedHandler.nextHandle(ScopedHandler.java:235)
	at org.eclipse.jetty.server.session.SessionHandler.doHandle(SessionHandler.java:1624)
	at org.eclipse.jetty.server.handler.ScopedHandler.nextHandle(ScopedHandler.java:233)
	at org.eclipse.jetty.server.handler.ContextHandler.doHandle(ContextHandler.java:1440)
	at org.eclipse.jetty.server.handler.ScopedHandler.nextScope(ScopedHandler.java:188)
	at org.eclipse.jetty.servlet.ServletHandler.doScope(ServletHandler.java:505)
	at org.eclipse.jetty.server.session.SessionHandler.doScope(SessionHandler.java:1594)
	at org.eclipse.jetty.server.handler.ScopedHandler.nextScope(ScopedHandler.java:186)
	at org.eclipse.jetty.server.handler.ContextHandler.doScope(ContextHandler.java:1355)
	at org.eclipse.jetty.server.handler.ScopedHandler.handle(ScopedHandler.java:141)
	at org.eclipse.jetty.server.handler.ContextHandlerCollection.handle(ContextHandlerCollection.java:234)
	at org.eclipse.jetty.server.handler.HandlerCollection.handle(HandlerCollection.java:146)
	at org.eclipse.jetty.server.handler.HandlerWrapper.handle(HandlerWrapper.java:127)
	at org.eclipse.jetty.server.Server.handle(Server.java:516)
	at org.eclipse.jetty.server.HttpChannel.lambda$handle$1(HttpChannel.java:487)
	at org.eclipse.jetty.server.HttpChannel.dispatch(HttpChannel.java:732)
	at org.eclipse.jetty.server.HttpChannel.handle(HttpChannel.java:479)
	at org.eclipse.jetty.server.HttpConnection.onFillable(HttpConnection.java:277)
	at org.eclipse.jetty.io.AbstractConnection$ReadCallback.succeeded(AbstractConnection.java:311)
	at org.eclipse.jetty.io.FillInterest.fillable(FillInterest.java:105)
	at org.eclipse.jetty.io.ChannelEndPoint$1.run(ChannelEndPoint.java:104)
	at org.eclipse.jetty.util.thread.strategy.EatWhatYouKill.runTask(EatWhatYouKill.java:338)
	at org.eclipse.jetty.util.thread.strategy.EatWhatYouKill.doProduce(EatWhatYouKill.java:315)
	at org.eclipse.jetty.util.thread.strategy.EatWhatYouKill.tryProduce(EatWhatYouKill.java:173)
	at org.eclipse.jetty.util.thread.strategy.EatWhatYouKill.run(EatWhatYouKill.java:131)
	at org.eclipse.jetty.util.thread.ReservedThreadExecutor$ReservedThread.run(ReservedThreadExecutor.java:409)
	at org.eclipse.jetty.util.thread.QueuedThreadPool.runJob(QueuedThreadPool.java:883)
	at org.eclipse.jetty.util.thread.QueuedThreadPool$Runner.run(QueuedThreadPool.java:1034)
	at java.base/java.lang.Thread.run(Thread.java:1583)
07/07/26 14:14:17,491 ERROR [74a46cbe-c623-9d6f-8916-f3c59926de95@p1029503535-252] [WorkflowRuleRunner            ] [prevent-assignee-change/block_assignee_change] [admin@192.168.65.1] Processing Issue TES-3:
TypeError: Cannot read property 'oldValue' of null
 TypeError: Cannot read property 'oldValue' of null
	at <js> action(scripts/prevent-assignee-change/block_assignee_change.js:20:763-792)
	at <js> :anonymous(ctx.js:449:14136-14152)
	at org.graalvm.polyglot.Value.execute(Value.java:841)
	at jetbrains.youtrack.scripts.visitors.ObjectVisitor$findAction$1.action$lambda$0(ObjectVisitor.kt:66)
	at jetbrains.youtrack.scripts.metrics.ScriptTelemetry.track(ScriptTelemetry.kt:26)
	at jetbrains.youtrack.scripts.metrics.ScriptTelemetry.track$default(ScriptTelemetry.kt:20)
	at jetbrains.youtrack.scripts.visitors.ObjectVisitor$findAction$1.action(ObjectVisitor.kt:65)
	at jetbrains.youtrack.workflow.model.StatelessRule.doHandle$lambda$0(StatelessRule.kt:48)
	at jetbrains.youtrack.scripts.model.PluggableObject.withLogging(PluggableObject.kt:80)
	at jetbrains.youtrack.workflow.model.StatelessRule.doHandle(StatelessRule.kt:35)
	at jetbrains.youtrack.workflow.model.Rule.handle$lambda$0(Rule.kt:64)
	at jetbrains.youtrack.scripts.internals.RunInContextKt.useGraalContextPool(RunInContext.kt:24)
	at jetbrains.youtrack.scripts.model.PluggableObject.runInContext(PluggableObject.kt:104)
	at jetbrains.youtrack.workflow.model.Rule.handle(Rule.kt:63)
	at jetbrains.youtrack.workflow.ext.WorkflowRuleWrappingChangeHandler.doInvoke$lambda$0(WorkflowEntityChangeHandlers.kt:75)
	at jetbrains.youtrack.workflow.legacystar.InMemoryLegacyStarUsageStatistics.withRuleContext(InMemoryLegacyStarUsageStatistics.kt:45)
	at jetbrains.youtrack.workflow.ext.WorkflowRuleWrappingChangeHandler.doInvoke(WorkflowEntityChangeHandlers.kt:74)
	at jetbrains.youtrack.workflow.ext.StatelessRuleWrappingChangeHandler.doInvoke(WorkflowEntityChangeHandlers.kt:113)
	at jetbrains.youtrack.api.workflow.configuration.EntityChangeHandler.invoke(EntityChangeHandler.kt:19)
	at jetbrains.youtrack.workflow.ext.RulesRunner.callHandlers(RulesRunner.kt:140)
	at jetbrains.youtrack.workflow.ext.RulesRunner.callCyclicHandlers(RulesRunner.kt:121)
	at jetbrains.youtrack.workflow.ext.RulesRunner.run(RulesRunner.kt:67)
	at jetbrains.youtrack.workflow.ext.WorkflowIssueListenerImpl.beforeFlushBeforeConstraints(WorkflowIssueListenerImpl.kt:62)
	at com.jetbrains.teamsys.dnq.database.TransientSessionImpl.notifyBeforeFlushListeners$lambda$1(TransientSessionImpl.kt:760)
	at com.jetbrains.teamsys.dnq.database.TransientSessionImpl.forAllListeners$lambda$0(TransientSessionImpl.kt:1325)
	at com.jetbrains.teamsys.dnq.database.TransientEntityStoreImpl.forAllListeners$dnq_transient_store(TransientEntityStoreImpl.kt:332)
	at com.jetbrains.teamsys.dnq.database.TransientSessionImpl.forAllListeners(TransientSessionImpl.kt:1323)
	at com.jetbrains.teamsys.dnq.database.TransientSessionImpl.notifyBeforeFlushListeners(TransientSessionImpl.kt:760)
	at com.jetbrains.teamsys.dnq.database.TransientSessionImpl.beforeFlush(TransientSessionImpl.kt:717)
	at com.jetbrains.teamsys.dnq.database.TransientSessionImpl.flushChanges(TransientSessionImpl.kt:517)
	at com.jetbrains.teamsys.dnq.database.TransientSessionImpl.flush(TransientSessionImpl.kt:193)
	at jetbrains.charisma.main.YouTrackTransactionalFilter.filter(RestFilters.kt:171)
	at org.glassfish.jersey.server.ContainerFilteringStage$ResponseFilterStage.apply(ContainerFilteringStage.java:172)
	at org.glassfish.jersey.server.ContainerFilteringStage$ResponseFilterStage.apply(ContainerFilteringStage.java:139)
	at org.glassfish.jersey.process.internal.Stages.process(Stages.java:147)
	at org.glassfish.jersey.server.ServerRuntime$Responder.processResponse(ServerRuntime.java:378)
	at org.glassfish.jersey.server.ServerRuntime$Responder.process(ServerRuntime.java:370)
	at org.glassfish.jersey.server.ServerRuntime$1.run(ServerRuntime.java:259)
	at org.glassfish.jersey.internal.Errors$1.call(Errors.java:248)
	at org.glassfish.jersey.internal.Errors$1.call(Errors.java:244)
	at org.glassfish.jersey.internal.Errors.process(Errors.java:292)
	at org.glassfish.jersey.internal.Errors.process(Errors.java:274)
	at org.glassfish.jersey.internal.Errors.process(Errors.java:244)
	at org.glassfish.jersey.process.internal.RequestScope.runInScope(RequestScope.java:265)
	at org.glassfish.jersey.server.ServerRuntime.process(ServerRuntime.java:235)
	at org.glassfish.jersey.server.ApplicationHandler.handle(ApplicationHandler.java:684)
	at org.glassfish.jersey.servlet.WebComponent.serviceImpl(WebComponent.java:397)
	at org.glassfish.jersey.servlet.WebComponent.service(WebComponent.java:349)
	at jetbrains.youtrack.webapp.servlets.GapRestServlet.service(GapRestServlet.kt:85)
	at org.glassfish.jersey.servlet.ServletContainer.service(ServletContainer.java:312)
	at org.glassfish.jersey.servlet.ServletContainer.service(ServletContainer.java:205)
	at org.eclipse.jetty.servlet.ServletHolder.handle(ServletHolder.java:799)
	at org.eclipse.jetty.servlet.ServletHandler$ChainEnd.doFilter(ServletHandler.java:1656)
	at jetbrains.youtrack.webapp.filters.ClearPrincipalFilter.doFilter(ClearPrincipalFilter.kt:16)
	at jetbrains.youtrack.webapp.filters.FilterAdapter.doFilter(FilterAdapter.kt:45)
	at org.eclipse.jetty.servlet.FilterHolder.doFilter(FilterHolder.java:193)
	at org.eclipse.jetty.servlet.ServletHandler$Chain.doFilter(ServletHandler.java:1626)
	at jetbrains.youtrack.webapp.filters.SecurityResponseHeadersFilter.doFilter(SecurityResponseHeadersFilter.kt:29)
	at jetbrains.youtrack.webapp.filters.FilterAdapter.doFilter(FilterAdapter.kt:45)
	at org.eclipse.jetty.servlet.FilterHolder.doFilter(FilterHolder.java:193)
	at org.eclipse.jetty.servlet.ServletHandler$Chain.doFilter(ServletHandler.java:1626)
	at jetbrains.youtrack.gaprest.filters.HttpContextAccessorFilter.doFilter(HttpContextAccessorFilter.kt:41)
	at org.eclipse.jetty.servlet.FilterHolder.doFilter(FilterHolder.java:193)
	at org.eclipse.jetty.servlet.ServletHandler$Chain.doFilter(ServletHandler.java:1626)
	at jetbrains.youtrack.spring.controller.BaseApplicationFilter.doFilter(BaseApplicationFilter.kt:23)
	at org.eclipse.jetty.servlet.FilterHolder.doFilter(FilterHolder.java:193)
	at org.eclipse.jetty.servlet.ServletHandler$Chain.doFilter(ServletHandler.java:1626)
	at jetbrains.youtrack.webapp.filters.MdcProviderServletFilter.doFilter(MdcProviderServletFilter.kt:29)
	at org.eclipse.jetty.servlet.FilterHolder.doFilter(FilterHolder.java:193)
	at org.eclipse.jetty.servlet.ServletHandler$Chain.doFilter(ServletHandler.java:1626)
	at jetbrains.youtrack.webapp.filters.SitemapFilter.doFilter(SitemapFilter.kt:16)
	at jetbrains.youtrack.webapp.filters.FilterAdapter.doFilter(FilterAdapter.kt:45)
	at org.eclipse.jetty.servlet.FilterHolder.doFilter(FilterHolder.java:193)
	at org.eclipse.jetty.servlet.ServletHandler$Chain.doFilter(ServletHandler.java:1626)
	at jetbrains.youtrack.webapp.filters.CorsRequestFilter.doFilter(CorsRequestFilter.kt:59)
	at jetbrains.youtrack.webapp.filters.FilterAdapter.doFilter(FilterAdapter.kt:45)
	at org.eclipse.jetty.servlet.FilterHolder.doFilter(FilterHolder.java:193)
	at org.eclipse.jetty.servlet.ServletHandler$Chain.doFilter(ServletHandler.java:1626)
	at jetbrains.youtrack.webapp.filters.CloudRedirectRootRequestFilter.doFilter(CloudRedirectRootRequestFilter.kt:14)
	at jetbrains.youtrack.webapp.filters.FilterAdapter.doFilter(FilterAdapter.kt:45)
	at org.eclipse.jetty.servlet.FilterHolder.doFilter(FilterHolder.java:193)
	at org.eclipse.jetty.servlet.ServletHandler$Chain.doFilter(ServletHandler.java:1626)
	at jetbrains.youtrack.webapp.filters.CloudForwardFilter.doFilter(CloudForwardFilter.kt:15)
	at jetbrains.youtrack.webapp.filters.FilterAdapter.doFilter(FilterAdapter.kt:45)
	at org.eclipse.jetty.servlet.FilterHolder.doFilter(FilterHolder.java:193)
	at org.eclipse.jetty.servlet.ServletHandler$Chain.doFilter(ServletHandler.java:1626)
	at org.eclipse.jetty.servlet.ServletHandler.doHandle(ServletHandler.java:552)
	at org.eclipse.jetty.server.handler.ScopedHandler.handle(ScopedHandler.java:143)
	at org.eclipse.jetty.server.handler.gzip.GzipHandler.handle(GzipHandler.java:772)
	at org.eclipse.jetty.security.SecurityHandler.handle(SecurityHandler.java:600)
	at org.eclipse.jetty.server.handler.HandlerWrapper.handle(HandlerWrapper.java:127)
	at org.eclipse.jetty.server.handler.ScopedHandler.nextHandle(ScopedHandler.java:235)
	at org.eclipse.jetty.server.session.SessionHandler.doHandle(SessionHandler.java:1624)
	at org.eclipse.jetty.server.handler.ScopedHandler.nextHandle(ScopedHandler.java:233)
	at org.eclipse.jetty.server.handler.ContextHandler.doHandle(ContextHandler.java:1440)
	at org.eclipse.jetty.server.handler.ScopedHandler.nextScope(ScopedHandler.java:188)
	at org.eclipse.jetty.servlet.ServletHandler.doScope(ServletHandler.java:505)
	at org.eclipse.jetty.server.session.SessionHandler.doScope(SessionHandler.java:1594)
	at org.eclipse.jetty.server.handler.ScopedHandler.nextScope(ScopedHandler.java:186)
	at org.eclipse.jetty.server.handler.ContextHandler.doScope(ContextHandler.java:1355)
	at org.eclipse.jetty.server.handler.ScopedHandler.handle(ScopedHandler.java:141)
	at org.eclipse.jetty.server.handler.ContextHandlerCollection.handle(ContextHandlerCollection.java:234)
	at org.eclipse.jetty.server.handler.HandlerCollection.handle(HandlerCollection.java:146)
	at org.eclipse.jetty.server.handler.HandlerWrapper.handle(HandlerWrapper.java:127)
	at org.eclipse.jetty.server.Server.handle(Server.java:516)
	at org.eclipse.jetty.server.HttpChannel.lambda$handle$1(HttpChannel.java:487)
	at org.eclipse.jetty.server.HttpChannel.dispatch(HttpChannel.java:732)
	at org.eclipse.jetty.server.HttpChannel.handle(HttpChannel.java:479)
	at org.eclipse.jetty.server.HttpConnection.onFillable(HttpConnection.java:277)
	at org.eclipse.jetty.io.AbstractConnection$ReadCallback.succeeded(AbstractConnection.java:311)
	at org.eclipse.jetty.io.FillInterest.fillable(FillInterest.java:105)
	at org.eclipse.jetty.io.ChannelEndPoint$1.run(ChannelEndPoint.java:104)
	at org.eclipse.jetty.util.thread.strategy.EatWhatYouKill.runTask(EatWhatYouKill.java:338)
	at org.eclipse.jetty.util.thread.strategy.EatWhatYouKill.doProduce(EatWhatYouKill.java:315)
	at org.eclipse.jetty.util.thread.strategy.EatWhatYouKill.tryProduce(EatWhatYouKill.java:173)
	at org.eclipse.jetty.util.thread.strategy.EatWhatYouKill.run(EatWhatYouKill.java:131)
	at org.eclipse.jetty.util.thread.ReservedThreadExecutor$ReservedThread.run(ReservedThreadExecutor.java:409)
	at org.eclipse.jetty.util.thread.QueuedThreadPool.runJob(QueuedThreadPool.java:883)
	at org.eclipse.jetty.util.thread.QueuedThreadPool$Runner.run(QueuedThreadPool.java:1034)
	at java.base/java.lang.Thread.run(Thread.java:1583)
07/07/26 14:21:13,259 ERROR [e8b16953-fdf5-4d42-5b29-666e1de0625e@tp1029503535-48] [WorkflowRuleRunner            ] [prevent-assignee-change/block_assignee_change] [admin@192.168.65.1] Processing Issue TES-3:
TypeError: Cannot read property 'oldValue' of null
 TypeError: Cannot read property 'oldValue' of null
	at <js> action(scripts/prevent-assignee-change/block_assignee_change.js:20:763-792)
	at <js> :anonymous(ctx.js:449:14136-14152)
	at org.graalvm.polyglot.Value.execute(Value.java:841)
	at jetbrains.youtrack.scripts.visitors.ObjectVisitor$findAction$1.action$lambda$0(ObjectVisitor.kt:66)
	at jetbrains.youtrack.scripts.metrics.ScriptTelemetry.track(ScriptTelemetry.kt:26)
	at jetbrains.youtrack.scripts.metrics.ScriptTelemetry.track$default(ScriptTelemetry.kt:20)
	at jetbrains.youtrack.scripts.visitors.ObjectVisitor$findAction$1.action(ObjectVisitor.kt:65)
	at jetbrains.youtrack.workflow.model.StatelessRule.doHandle$lambda$0(StatelessRule.kt:48)
	at jetbrains.youtrack.scripts.model.PluggableObject.withLogging(PluggableObject.kt:80)
	at jetbrains.youtrack.workflow.model.StatelessRule.doHandle(StatelessRule.kt:35)
	at jetbrains.youtrack.workflow.model.Rule.handle$lambda$0(Rule.kt:64)
	at jetbrains.youtrack.scripts.internals.RunInContextKt.useGraalContextPool(RunInContext.kt:24)
	at jetbrains.youtrack.scripts.model.PluggableObject.runInContext(PluggableObject.kt:104)
	at jetbrains.youtrack.workflow.model.Rule.handle(Rule.kt:63)
	at jetbrains.youtrack.workflow.ext.WorkflowRuleWrappingChangeHandler.doInvoke$lambda$0(WorkflowEntityChangeHandlers.kt:75)
	at jetbrains.youtrack.workflow.legacystar.InMemoryLegacyStarUsageStatistics.withRuleContext(InMemoryLegacyStarUsageStatistics.kt:45)
	at jetbrains.youtrack.workflow.ext.WorkflowRuleWrappingChangeHandler.doInvoke(WorkflowEntityChangeHandlers.kt:74)
	at jetbrains.youtrack.workflow.ext.StatelessRuleWrappingChangeHandler.doInvoke(WorkflowEntityChangeHandlers.kt:113)
	at jetbrains.youtrack.api.workflow.configuration.EntityChangeHandler.invoke(EntityChangeHandler.kt:19)
	at jetbrains.youtrack.workflow.ext.RulesRunner.callHandlers(RulesRunner.kt:140)
	at jetbrains.youtrack.workflow.ext.RulesRunner.callCyclicHandlers(RulesRunner.kt:121)
	at jetbrains.youtrack.workflow.ext.RulesRunner.run(RulesRunner.kt:67)
	at jetbrains.youtrack.workflow.ext.WorkflowIssueListenerImpl.beforeFlushBeforeConstraints(WorkflowIssueListenerImpl.kt:62)
	at com.jetbrains.teamsys.dnq.database.TransientSessionImpl.notifyBeforeFlushListeners$lambda$1(TransientSessionImpl.kt:760)
	at com.jetbrains.teamsys.dnq.database.TransientSessionImpl.forAllListeners$lambda$0(TransientSessionImpl.kt:1325)
	at com.jetbrains.teamsys.dnq.database.TransientEntityStoreImpl.forAllListeners$dnq_transient_store(TransientEntityStoreImpl.kt:332)
	at com.jetbrains.teamsys.dnq.database.TransientSessionImpl.forAllListeners(TransientSessionImpl.kt:1323)
	at com.jetbrains.teamsys.dnq.database.TransientSessionImpl.notifyBeforeFlushListeners(TransientSessionImpl.kt:760)
	at com.jetbrains.teamsys.dnq.database.TransientSessionImpl.beforeFlush(TransientSessionImpl.kt:717)
	at com.jetbrains.teamsys.dnq.database.TransientSessionImpl.flushChanges(TransientSessionImpl.kt:517)
	at com.jetbrains.teamsys.dnq.database.TransientSessionImpl.flush(TransientSessionImpl.kt:193)
	at jetbrains.charisma.main.YouTrackTransactionalFilter.filter(RestFilters.kt:171)
	at org.glassfish.jersey.server.ContainerFilteringStage$ResponseFilterStage.apply(ContainerFilteringStage.java:172)
	at org.glassfish.jersey.server.ContainerFilteringStage$ResponseFilterStage.apply(ContainerFilteringStage.java:139)
	at org.glassfish.jersey.process.internal.Stages.process(Stages.java:147)
	at org.glassfish.jersey.server.ServerRuntime$Responder.processResponse(ServerRuntime.java:378)
	at org.glassfish.jersey.server.ServerRuntime$Responder.process(ServerRuntime.java:370)
	at org.glassfish.jersey.server.ServerRuntime$1.run(ServerRuntime.java:259)
	at org.glassfish.jersey.internal.Errors$1.call(Errors.java:248)
	at org.glassfish.jersey.internal.Errors$1.call(Errors.java:244)
	at org.glassfish.jersey.internal.Errors.process(Errors.java:292)
	at org.glassfish.jersey.internal.Errors.process(Errors.java:274)
	at org.glassfish.jersey.internal.Errors.process(Errors.java:244)
	at org.glassfish.jersey.process.internal.RequestScope.runInScope(RequestScope.java:265)
	at org.glassfish.jersey.server.ServerRuntime.process(ServerRuntime.java:235)
	at org.glassfish.jersey.server.ApplicationHandler.handle(ApplicationHandler.java:684)
	at org.glassfish.jersey.servlet.WebComponent.serviceImpl(WebComponent.java:397)
	at org.glassfish.jersey.servlet.WebComponent.service(WebComponent.java:349)
	at jetbrains.youtrack.webapp.servlets.GapRestServlet.service(GapRestServlet.kt:85)
	at org.glassfish.jersey.servlet.ServletContainer.service(ServletContainer.java:312)
	at org.glassfish.jersey.servlet.ServletContainer.service(ServletContainer.java:205)
	at org.eclipse.jetty.servlet.ServletHolder.handle(ServletHolder.java:799)
	at org.eclipse.jetty.servlet.ServletHandler$ChainEnd.doFilter(ServletHandler.java:1656)
	at jetbrains.youtrack.webapp.filters.ClearPrincipalFilter.doFilter(ClearPrincipalFilter.kt:16)
	at jetbrains.youtrack.webapp.filters.FilterAdapter.doFilter(FilterAdapter.kt:45)
	at org.eclipse.jetty.servlet.FilterHolder.doFilter(FilterHolder.java:193)
	at org.eclipse.jetty.servlet.ServletHandler$Chain.doFilter(ServletHandler.java:1626)
	at jetbrains.youtrack.webapp.filters.SecurityResponseHeadersFilter.doFilter(SecurityResponseHeadersFilter.kt:29)
	at jetbrains.youtrack.webapp.filters.FilterAdapter.doFilter(FilterAdapter.kt:45)
	at org.eclipse.jetty.servlet.FilterHolder.doFilter(FilterHolder.java:193)
	at org.eclipse.jetty.servlet.ServletHandler$Chain.doFilter(ServletHandler.java:1626)
	at jetbrains.youtrack.gaprest.filters.HttpContextAccessorFilter.doFilter(HttpContextAccessorFilter.kt:41)
	at org.eclipse.jetty.servlet.FilterHolder.doFilter(FilterHolder.java:193)
	at org.eclipse.jetty.servlet.ServletHandler$Chain.doFilter(ServletHandler.java:1626)
	at jetbrains.youtrack.spring.controller.BaseApplicationFilter.doFilter(BaseApplicationFilter.kt:23)
	at org.eclipse.jetty.servlet.FilterHolder.doFilter(FilterHolder.java:193)
	at org.eclipse.jetty.servlet.ServletHandler$Chain.doFilter(ServletHandler.java:1626)
	at jetbrains.youtrack.webapp.filters.MdcProviderServletFilter.doFilter(MdcProviderServletFilter.kt:29)
	at org.eclipse.jetty.servlet.FilterHolder.doFilter(FilterHolder.java:193)
	at org.eclipse.jetty.servlet.ServletHandler$Chain.doFilter(ServletHandler.java:1626)
	at jetbrains.youtrack.webapp.filters.SitemapFilter.doFilter(SitemapFilter.kt:16)
	at jetbrains.youtrack.webapp.filters.FilterAdapter.doFilter(FilterAdapter.kt:45)
	at org.eclipse.jetty.servlet.FilterHolder.doFilter(FilterHolder.java:193)
	at org.eclipse.jetty.servlet.ServletHandler$Chain.doFilter(ServletHandler.java:1626)
	at jetbrains.youtrack.webapp.filters.CorsRequestFilter.doFilter(CorsRequestFilter.kt:59)
	at jetbrains.youtrack.webapp.filters.FilterAdapter.doFilter(FilterAdapter.kt:45)
	at org.eclipse.jetty.servlet.FilterHolder.doFilter(FilterHolder.java:193)
	at org.eclipse.jetty.servlet.ServletHandler$Chain.doFilter(ServletHandler.java:1626)
	at jetbrains.youtrack.webapp.filters.CloudRedirectRootRequestFilter.doFilter(CloudRedirectRootRequestFilter.kt:14)
	at jetbrains.youtrack.webapp.filters.FilterAdapter.doFilter(FilterAdapter.kt:45)
	at org.eclipse.jetty.servlet.FilterHolder.doFilter(FilterHolder.java:193)
	at org.eclipse.jetty.servlet.ServletHandler$Chain.doFilter(ServletHandler.java:1626)
	at jetbrains.youtrack.webapp.filters.CloudForwardFilter.doFilter(CloudForwardFilter.kt:15)
	at jetbrains.youtrack.webapp.filters.FilterAdapter.doFilter(FilterAdapter.kt:45)
	at org.eclipse.jetty.servlet.FilterHolder.doFilter(FilterHolder.java:193)
	at org.eclipse.jetty.servlet.ServletHandler$Chain.doFilter(ServletHandler.java:1626)
	at org.eclipse.jetty.servlet.ServletHandler.doHandle(ServletHandler.java:552)
	at org.eclipse.jetty.server.handler.ScopedHandler.handle(ScopedHandler.java:143)
	at org.eclipse.jetty.server.handler.gzip.GzipHandler.handle(GzipHandler.java:772)
	at org.eclipse.jetty.security.SecurityHandler.handle(SecurityHandler.java:600)
	at org.eclipse.jetty.server.handler.HandlerWrapper.handle(HandlerWrapper.java:127)
	at org.eclipse.jetty.server.handler.ScopedHandler.nextHandle(ScopedHandler.java:235)
	at org.eclipse.jetty.server.session.SessionHandler.doHandle(SessionHandler.java:1624)
	at org.eclipse.jetty.server.handler.ScopedHandler.nextHandle(ScopedHandler.java:233)
	at org.eclipse.jetty.server.handler.ContextHandler.doHandle(ContextHandler.java:1440)
	at org.eclipse.jetty.server.handler.ScopedHandler.nextScope(ScopedHandler.java:188)
	at org.eclipse.jetty.servlet.ServletHandler.doScope(ServletHandler.java:505)
	at org.eclipse.jetty.server.session.SessionHandler.doScope(SessionHandler.java:1594)
	at org.eclipse.jetty.server.handler.ScopedHandler.nextScope(ScopedHandler.java:186)
	at org.eclipse.jetty.server.handler.ContextHandler.doScope(ContextHandler.java:1355)
	at org.eclipse.jetty.server.handler.ScopedHandler.handle(ScopedHandler.java:141)
	at org.eclipse.jetty.server.handler.ContextHandlerCollection.handle(ContextHandlerCollection.java:234)
	at org.eclipse.jetty.server.handler.HandlerCollection.handle(HandlerCollection.java:146)
	at org.eclipse.jetty.server.handler.HandlerWrapper.handle(HandlerWrapper.java:127)
	at org.eclipse.jetty.server.Server.handle(Server.java:516)
	at org.eclipse.jetty.server.HttpChannel.lambda$handle$1(HttpChannel.java:487)
	at org.eclipse.jetty.server.HttpChannel.dispatch(HttpChannel.java:732)
	at org.eclipse.jetty.server.HttpChannel.handle(HttpChannel.java:479)
	at org.eclipse.jetty.server.HttpConnection.onFillable(HttpConnection.java:277)
	at org.eclipse.jetty.io.AbstractConnection$ReadCallback.succeeded(AbstractConnection.java:311)
	at org.eclipse.jetty.io.FillInterest.fillable(FillInterest.java:105)
	at org.eclipse.jetty.io.ChannelEndPoint$1.run(ChannelEndPoint.java:104)
	at org.eclipse.jetty.util.thread.strategy.EatWhatYouKill.runTask(EatWhatYouKill.java:338)
	at org.eclipse.jetty.util.thread.strategy.EatWhatYouKill.doProduce(EatWhatYouKill.java:315)
	at org.eclipse.jetty.util.thread.strategy.EatWhatYouKill.tryProduce(EatWhatYouKill.java:173)
	at org.eclipse.jetty.util.thread.strategy.EatWhatYouKill.run(EatWhatYouKill.java:131)
	at org.eclipse.jetty.util.thread.ReservedThreadExecutor$ReservedThread.run(ReservedThreadExecutor.java:409)
	at org.eclipse.jetty.util.thread.QueuedThreadPool.runJob(QueuedThreadPool.java:883)
	at org.eclipse.jetty.util.thread.QueuedThreadPool$Runner.run(QueuedThreadPool.java:1034)
	at java.base/java.lang.Thread.run(Thread.java:1583)
07/07/26 14:22:33,007 ERROR [caf0e571-d1a2-859f-5a20-e8184a406650@p1029503535-302] [WorkflowRuleRunner            ] [prevent-assignee-change/block_assignee_change] [admin@192.168.65.1] Processing Issue TES-3:
TypeError: Cannot read property 'oldValue' of null
 TypeError: Cannot read property 'oldValue' of null
	at <js> action(scripts/prevent-assignee-change/block_assignee_change.js:20:763-792)
	at <js> :anonymous(ctx.js:449:14136-14152)
	at org.graalvm.polyglot.Value.execute(Value.java:841)
	at jetbrains.youtrack.scripts.visitors.ObjectVisitor$findAction$1.action$lambda$0(ObjectVisitor.kt:66)
	at jetbrains.youtrack.scripts.metrics.ScriptTelemetry.track(ScriptTelemetry.kt:26)
	at jetbrains.youtrack.scripts.metrics.ScriptTelemetry.track$default(ScriptTelemetry.kt:20)
	at jetbrains.youtrack.scripts.visitors.ObjectVisitor$findAction$1.action(ObjectVisitor.kt:65)
	at jetbrains.youtrack.workflow.model.StatelessRule.doHandle$lambda$0(StatelessRule.kt:48)
	at jetbrains.youtrack.scripts.model.PluggableObject.withLogging(PluggableObject.kt:80)
	at jetbrains.youtrack.workflow.model.StatelessRule.doHandle(StatelessRule.kt:35)
	at jetbrains.youtrack.workflow.model.Rule.handle$lambda$0(Rule.kt:64)
	at jetbrains.youtrack.scripts.internals.RunInContextKt.useGraalContextPool(RunInContext.kt:24)
	at jetbrains.youtrack.scripts.model.PluggableObject.runInContext(PluggableObject.kt:104)
	at jetbrains.youtrack.workflow.model.Rule.handle(Rule.kt:63)
	at jetbrains.youtrack.workflow.ext.WorkflowRuleWrappingChangeHandler.doInvoke$lambda$0(WorkflowEntityChangeHandlers.kt:75)
	at jetbrains.youtrack.workflow.legacystar.InMemoryLegacyStarUsageStatistics.withRuleContext(InMemoryLegacyStarUsageStatistics.kt:45)
	at jetbrains.youtrack.workflow.ext.WorkflowRuleWrappingChangeHandler.doInvoke(WorkflowEntityChangeHandlers.kt:74)
	at jetbrains.youtrack.workflow.ext.StatelessRuleWrappingChangeHandler.doInvoke(WorkflowEntityChangeHandlers.kt:113)
	at jetbrains.youtrack.api.workflow.configuration.EntityChangeHandler.invoke(EntityChangeHandler.kt:19)
	at jetbrains.youtrack.workflow.ext.RulesRunner.callHandlers(RulesRunner.kt:140)
	at jetbrains.youtrack.workflow.ext.RulesRunner.callCyclicHandlers(RulesRunner.kt:121)
	at jetbrains.youtrack.workflow.ext.RulesRunner.run(RulesRunner.kt:67)
	at jetbrains.youtrack.workflow.ext.WorkflowIssueListenerImpl.beforeFlushBeforeConstraints(WorkflowIssueListenerImpl.kt:62)
	at com.jetbrains.teamsys.dnq.database.TransientSessionImpl.notifyBeforeFlushListeners$lambda$1(TransientSessionImpl.kt:760)
	at com.jetbrains.teamsys.dnq.database.TransientSessionImpl.forAllListeners$lambda$0(TransientSessionImpl.kt:1325)
	at com.jetbrains.teamsys.dnq.database.TransientEntityStoreImpl.forAllListeners$dnq_transient_store(TransientEntityStoreImpl.kt:332)
	at com.jetbrains.teamsys.dnq.database.TransientSessionImpl.forAllListeners(TransientSessionImpl.kt:1323)
	at com.jetbrains.teamsys.dnq.database.TransientSessionImpl.notifyBeforeFlushListeners(TransientSessionImpl.kt:760)
	at com.jetbrains.teamsys.dnq.database.TransientSessionImpl.beforeFlush(TransientSessionImpl.kt:717)
	at com.jetbrains.teamsys.dnq.database.TransientSessionImpl.flushChanges(TransientSessionImpl.kt:517)
	at com.jetbrains.teamsys.dnq.database.TransientSessionImpl.flush(TransientSessionImpl.kt:193)
	at jetbrains.charisma.main.YouTrackTransactionalFilter.filter(RestFilters.kt:171)
	at org.glassfish.jersey.server.ContainerFilteringStage$ResponseFilterStage.apply(ContainerFilteringStage.java:172)
	at org.glassfish.jersey.server.ContainerFilteringStage$ResponseFilterStage.apply(ContainerFilteringStage.java:139)
	at org.glassfish.jersey.process.internal.Stages.process(Stages.java:147)
	at org.glassfish.jersey.server.ServerRuntime$Responder.processResponse(ServerRuntime.java:378)
	at org.glassfish.jersey.server.ServerRuntime$Responder.process(ServerRuntime.java:370)
	at org.glassfish.jersey.server.ServerRuntime$1.run(ServerRuntime.java:259)
	at org.glassfish.jersey.internal.Errors$1.call(Errors.java:248)
	at org.glassfish.jersey.internal.Errors$1.call(Errors.java:244)
	at org.glassfish.jersey.internal.Errors.process(Errors.java:292)
	at org.glassfish.jersey.internal.Errors.process(Errors.java:274)
	at org.glassfish.jersey.internal.Errors.process(Errors.java:244)
	at org.glassfish.jersey.process.internal.RequestScope.runInScope(RequestScope.java:265)
	at org.glassfish.jersey.server.ServerRuntime.process(ServerRuntime.java:235)
	at org.glassfish.jersey.server.ApplicationHandler.handle(ApplicationHandler.java:684)
	at org.glassfish.jersey.servlet.WebComponent.serviceImpl(WebComponent.java:397)
	at org.glassfish.jersey.servlet.WebComponent.service(WebComponent.java:349)
	at jetbrains.youtrack.webapp.servlets.GapRestServlet.service(GapRestServlet.kt:85)
	at org.glassfish.jersey.servlet.ServletContainer.service(ServletContainer.java:312)
	at org.glassfish.jersey.servlet.ServletContainer.service(ServletContainer.java:205)
	at org.eclipse.jetty.servlet.ServletHolder.handle(ServletHolder.java:799)
	at org.eclipse.jetty.servlet.ServletHandler$ChainEnd.doFilter(ServletHandler.java:1656)
	at jetbrains.youtrack.webapp.filters.ClearPrincipalFilter.doFilter(ClearPrincipalFilter.kt:16)
	at jetbrains.youtrack.webapp.filters.FilterAdapter.doFilter(FilterAdapter.kt:45)
	at org.eclipse.jetty.servlet.FilterHolder.doFilter(FilterHolder.java:193)
	at org.eclipse.jetty.servlet.ServletHandler$Chain.doFilter(ServletHandler.java:1626)
	at jetbrains.youtrack.webapp.filters.SecurityResponseHeadersFilter.doFilter(SecurityResponseHeadersFilter.kt:29)
	at jetbrains.youtrack.webapp.filters.FilterAdapter.doFilter(FilterAdapter.kt:45)
	at org.eclipse.jetty.servlet.FilterHolder.doFilter(FilterHolder.java:193)
	at org.eclipse.jetty.servlet.ServletHandler$Chain.doFilter(ServletHandler.java:1626)
	at jetbrains.youtrack.gaprest.filters.HttpContextAccessorFilter.doFilter(HttpContextAccessorFilter.kt:41)
	at org.eclipse.jetty.servlet.FilterHolder.doFilter(FilterHolder.java:193)
	at org.eclipse.jetty.servlet.ServletHandler$Chain.doFilter(ServletHandler.java:1626)
	at jetbrains.youtrack.spring.controller.BaseApplicationFilter.doFilter(BaseApplicationFilter.kt:23)
	at org.eclipse.jetty.servlet.FilterHolder.doFilter(FilterHolder.java:193)
	at org.eclipse.jetty.servlet.ServletHandler$Chain.doFilter(ServletHandler.java:1626)
	at jetbrains.youtrack.webapp.filters.MdcProviderServletFilter.doFilter(MdcProviderServletFilter.kt:29)
	at org.eclipse.jetty.servlet.FilterHolder.doFilter(FilterHolder.java:193)
	at org.eclipse.jetty.servlet.ServletHandler$Chain.doFilter(ServletHandler.java:1626)
	at jetbrains.youtrack.webapp.filters.SitemapFilter.doFilter(SitemapFilter.kt:16)
	at jetbrains.youtrack.webapp.filters.FilterAdapter.doFilter(FilterAdapter.kt:45)
	at org.eclipse.jetty.servlet.FilterHolder.doFilter(FilterHolder.java:193)
	at org.eclipse.jetty.servlet.ServletHandler$Chain.doFilter(ServletHandler.java:1626)
	at jetbrains.youtrack.webapp.filters.CorsRequestFilter.doFilter(CorsRequestFilter.kt:59)
	at jetbrains.youtrack.webapp.filters.FilterAdapter.doFilter(FilterAdapter.kt:45)
	at org.eclipse.jetty.servlet.FilterHolder.doFilter(FilterHolder.java:193)
	at org.eclipse.jetty.servlet.ServletHandler$Chain.doFilter(ServletHandler.java:1626)
	at jetbrains.youtrack.webapp.filters.CloudRedirectRootRequestFilter.doFilter(CloudRedirectRootRequestFilter.kt:14)
	at jetbrains.youtrack.webapp.filters.FilterAdapter.doFilter(FilterAdapter.kt:45)
	at org.eclipse.jetty.servlet.FilterHolder.doFilter(FilterHolder.java:193)
	at org.eclipse.jetty.servlet.ServletHandler$Chain.doFilter(ServletHandler.java:1626)
	at jetbrains.youtrack.webapp.filters.CloudForwardFilter.doFilter(CloudForwardFilter.kt:15)
	at jetbrains.youtrack.webapp.filters.FilterAdapter.doFilter(FilterAdapter.kt:45)
	at org.eclipse.jetty.servlet.FilterHolder.doFilter(FilterHolder.java:193)
	at org.eclipse.jetty.servlet.ServletHandler$Chain.doFilter(ServletHandler.java:1626)
	at org.eclipse.jetty.servlet.ServletHandler.doHandle(ServletHandler.java:552)
	at org.eclipse.jetty.server.handler.ScopedHandler.handle(ScopedHandler.java:143)
	at org.eclipse.jetty.server.handler.gzip.GzipHandler.handle(GzipHandler.java:772)
	at org.eclipse.jetty.security.SecurityHandler.handle(SecurityHandler.java:600)
	at org.eclipse.jetty.server.handler.HandlerWrapper.handle(HandlerWrapper.java:127)
	at org.eclipse.jetty.server.handler.ScopedHandler.nextHandle(ScopedHandler.java:235)
	at org.eclipse.jetty.server.session.SessionHandler.doHandle(SessionHandler.java:1624)
	at org.eclipse.jetty.server.handler.ScopedHandler.nextHandle(ScopedHandler.java:233)
	at org.eclipse.jetty.server.handler.ContextHandler.doHandle(ContextHandler.java:1440)
	at org.eclipse.jetty.server.handler.ScopedHandler.nextScope(ScopedHandler.java:188)
	at org.eclipse.jetty.servlet.ServletHandler.doScope(ServletHandler.java:505)
	at org.eclipse.jetty.server.session.SessionHandler.doScope(SessionHandler.java:1594)
	at org.eclipse.jetty.server.handler.ScopedHandler.nextScope(ScopedHandler.java:186)
	at org.eclipse.jetty.server.handler.ContextHandler.doScope(ContextHandler.java:1355)
	at org.eclipse.jetty.server.handler.ScopedHandler.handle(ScopedHandler.java:141)
	at org.eclipse.jetty.server.handler.ContextHandlerCollection.handle(ContextHandlerCollection.java:234)
	at org.eclipse.jetty.server.handler.HandlerCollection.handle(HandlerCollection.java:146)
	at org.eclipse.jetty.server.handler.HandlerWrapper.handle(HandlerWrapper.java:127)
	at org.eclipse.jetty.server.Server.handle(Server.java:516)
	at org.eclipse.jetty.server.HttpChannel.lambda$handle$1(HttpChannel.java:487)
	at org.eclipse.jetty.server.HttpChannel.dispatch(HttpChannel.java:732)
	at org.eclipse.jetty.server.HttpChannel.handle(HttpChannel.java:479)
	at org.eclipse.jetty.server.HttpConnection.onFillable(HttpConnection.java:277)
	at org.eclipse.jetty.io.AbstractConnection$ReadCallback.succeeded(AbstractConnection.java:311)
	at org.eclipse.jetty.io.FillInterest.fillable(FillInterest.java:105)
	at org.eclipse.jetty.io.ChannelEndPoint$1.run(ChannelEndPoint.java:104)
	at org.eclipse.jetty.util.thread.strategy.EatWhatYouKill.runTask(EatWhatYouKill.java:338)
	at org.eclipse.jetty.util.thread.strategy.EatWhatYouKill.doProduce(EatWhatYouKill.java:315)
	at org.eclipse.jetty.util.thread.strategy.EatWhatYouKill.tryProduce(EatWhatYouKill.java:173)
	at org.eclipse.jetty.util.thread.strategy.EatWhatYouKill.run(EatWhatYouKill.java:131)
	at org.eclipse.jetty.util.thread.ReservedThreadExecutor$ReservedThread.run(ReservedThreadExecutor.java:409)
	at org.eclipse.jetty.util.thread.QueuedThreadPool.runJob(QueuedThreadPool.java:883)
	at org.eclipse.jetty.util.thread.QueuedThreadPool$Runner.run(QueuedThreadPool.java:1034)
	at java.base/java.lang.Thread.run(Thread.java:1583)
07/07/26 14:24:35,581 ERROR [51c0175c-9ff1-0270-f544-5e7457d4d2fa@tp1029503535-46] [WorkflowRuleRunner            ] [prevent-assignee-change/block_assignee_change] [admin@192.168.65.1] Ошибка в правиле блокировки исполнителя:,[object Object]
 07/07/26 14:24:37,995 ERROR [5c6bf576-965f-cf5f-54b8-b42714f83647@p1029503535-253] [WorkflowRuleRunner            ] [prevent-assignee-change/block_assignee_change] [admin@192.168.65.1] Ошибка в правиле блокировки исполнителя:,{}
 07/07/26 14:24:39,438 ERROR [bacb57f9-58d3-e695-28b3-e60f99295102@p1029503535-253] [WorkflowRuleRunner            ] [prevent-assignee-change/block_assignee_change] [admin@192.168.65.1] Ошибка в правиле блокировки исполнителя:,[object Object]
 07/07/26 14:24:49,245 ERROR [e47026a6-473e-dda1-793e-4f51a5614e7e@p1029503535-303] [WorkflowRuleRunner            ] [prevent-assignee-change/block_assignee_change] [chovieti@192.168.65.1] Ошибка в правиле блокировки исполнителя:,{}
 07/07/26 14:24:51,081 ERROR [1abd7cf4-3d63-2131-e2e8-d40a7748f975@p1029503535-296] [WorkflowRuleRunner            ] [prevent-assignee-change/block_assignee_change] [chovieti@192.168.65.1] Ошибка в правиле блокировки исполнителя:,[object Object]
 07/07/26 14:24:54,634 ERROR [dacf8e54-080c-0b11-b3c1-69467b0bcb3b@p1029503535-301] [WorkflowRuleRunner            ] [prevent-assignee-change/block_assignee_change] [chovieti@192.168.65.1] Ошибка в правиле блокировки исполнителя:,[object Object]
 07/07/26 14:24:55,957 ERROR [1821cd2b-386e-8575-cc53-07944cbb2188@p1029503535-253] [WorkflowRuleRunner            ] [prevent-assignee-change/block_assignee_change] [chovieti@192.168.65.1] Ошибка в правиле блокировки исполнителя:,{}
 07/07/26 14:24:57,372 ERROR [41183029-a934-2882-07ea-9775a5f84913@p1029503535-301] [WorkflowRuleRunner            ] [prevent-assignee-change/block_assignee_change] [chovieti@192.168.65.1] Ошибка в правиле блокировки исполнителя:,{}
 07/07/26 14:24:59,353 ERROR [eb36e42d-49fb-029f-48de-f7ef65071b48@tp1029503535-46] [WorkflowRuleRunner            ] [prevent-assignee-change/block_assignee_change] [chovieti@192.168.65.1] Ошибка в правиле блокировки исполнителя:,[object Object]
 07/07/26 14:25:02,061 ERROR [90a8b7c8-9eb4-018d-eccc-e7f9ad424e52@p1029503535-296] [WorkflowRuleRunner            ] [prevent-assignee-change/block_assignee_change] [admin@192.168.65.1] Ошибка в правиле блокировки исполнителя:,[object Object]
 07/07/26 14:25:15,848 ERROR [315ba3bd-d0fd-1261-8648-dd43377387c9@p1029503535-303] [WorkflowRuleRunner            ] [prevent-assignee-change/block_assignee_change] [chovieti@192.168.65.1] Ошибка в правиле блокировки исполнителя:,[object Object]
 07/07/26 14:25:17,216 ERROR [d2970900-7131-93b9-0126-aa116477859e@p1029503535-301] [WorkflowRuleRunner            ] [prevent-assignee-change/block_assignee_change] [chovieti@192.168.65.1] Ошибка в правиле блокировки исполнителя:,[object Object]
 07/07/26 14:25:18,888 ERROR [e3b99ade-4f65-9be8-de2d-62d388e9bc59@p1029503535-301] [WorkflowRuleRunner            ] [prevent-assignee-change/block_assignee_change] [chovieti@192.168.65.1] Ошибка в правиле блокировки исполнителя:,[object Object]
 